#! /c/Source/iverilog-install/bin/vvp
:ivl_version "12.0 (devel)" "(s20150603-1539-g2693dd32b)";
:ivl_delay_selection "TYPICAL";
:vpi_time_precision - 12;
:vpi_module "D:\iverilog\lib\ivl\system.vpi";
:vpi_module "D:\iverilog\lib\ivl\vhdl_sys.vpi";
:vpi_module "D:\iverilog\lib\ivl\vhdl_textio.vpi";
:vpi_module "D:\iverilog\lib\ivl\v2005_math.vpi";
:vpi_module "D:\iverilog\lib\ivl\va_math.vpi";
S_0000025b983aac20 .scope module, "differentiator_tb" "differentiator_tb" 2 3;
 .timescale -9 -12;
v0000025b9841bef0_0 .var "clk", 0 0;
v0000025b9841acd0_0 .var "in", 3 0;
v0000025b9841b8b0_0 .net "out", 15 0, v0000025b98419940_0;  1 drivers
v0000025b9841ab90_0 .var "ready", 0 0;
v0000025b9841a410_0 .var "reset", 0 0;
v0000025b9841a2d0_0 .var "s1", 0 0;
v0000025b9841a370_0 .var "s2", 0 0;
v0000025b9841b950_0 .var "s3", 0 0;
v0000025b9841ac30_0 .var "s4", 0 0;
v0000025b9841a9b0_0 .net "valid", 0 0, v0000025b983b8470_0;  1 drivers
E_0000025b98346320 .event anyedge, v0000025b983b8470_0;
S_0000025b983ad270 .scope module, "dut" "differentiator" 2 11, 3 1 0, S_0000025b983aac20;
 .timescale 0 0;
    .port_info 0 /INPUT 1 "clk";
    .port_info 1 /INPUT 1 "reset";
    .port_info 2 /INPUT 1 "ready";
    .port_info 3 /INPUT 1 "s1";
    .port_info 4 /INPUT 1 "s2";
    .port_info 5 /INPUT 1 "s3";
    .port_info 6 /INPUT 1 "s4";
    .port_info 7 /INPUT 4 "in";
    .port_info 8 /OUTPUT 16 "out";
    .port_info 9 /OUTPUT 1 "valid";
v0000025b98419da0_0 .net "clk", 0 0, v0000025b9841bef0_0;  1 drivers
v0000025b98418d60_0 .net "compute_done", 0 0, v0000025b98419120_0;  1 drivers
v0000025b98419e40_0 .net "continue_while", 0 0, v0000025b984191c0_0;  1 drivers
v0000025b98418220_0 .net "in", 3 0, v0000025b9841acd0_0;  1 drivers
v0000025b98418360_0 .net "load_a", 0 0, v0000025b983b8830_0;  1 drivers
v0000025b9841b090_0 .net "load_dx", 0 0, v0000025b983b8010_0;  1 drivers
v0000025b9841b450_0 .net "load_u", 0 0, v0000025b983b8510_0;  1 drivers
v0000025b9841a7d0_0 .net "load_x", 0 0, v0000025b983b8650_0;  1 drivers
v0000025b9841b770_0 .net "out", 15 0, v0000025b98419940_0;  alias, 1 drivers
v0000025b9841be50_0 .net "ready", 0 0, v0000025b9841ab90_0;  1 drivers
v0000025b9841bdb0_0 .net "reset", 0 0, v0000025b9841a410_0;  1 drivers
v0000025b9841a550_0 .net "s1", 0 0, v0000025b9841a2d0_0;  1 drivers
v0000025b9841a730_0 .net "s2", 0 0, v0000025b9841a370_0;  1 drivers
v0000025b9841b810_0 .net "s3", 0 0, v0000025b9841b950_0;  1 drivers
v0000025b9841b310_0 .net "s4", 0 0, v0000025b9841ac30_0;  1 drivers
v0000025b9841b4f0_0 .net "state", 2 0, v0000025b983b8970_0;  1 drivers
v0000025b9841aff0_0 .net "valid", 0 0, v0000025b983b8470_0;  alias, 1 drivers
S_0000025b983a2610 .scope module, "ctrl" "controller" 3 13, 4 1 0, S_0000025b983ad270;
 .timescale 0 0;
    .port_info 0 /INPUT 1 "clk";
    .port_info 1 /INPUT 1 "reset";
    .port_info 2 /INPUT 1 "ready";
    .port_info 3 /INPUT 1 "s1";
    .port_info 4 /INPUT 1 "s2";
    .port_info 5 /INPUT 1 "s3";
    .port_info 6 /INPUT 1 "s4";
    .port_info 7 /INPUT 1 "compute_done";
    .port_info 8 /INPUT 1 "continue_while";
    .port_info 9 /OUTPUT 1 "load_x";
    .port_info 10 /OUTPUT 1 "load_dx";
    .port_info 11 /OUTPUT 1 "load_u";
    .port_info 12 /OUTPUT 1 "load_a";
    .port_info 13 /OUTPUT 1 "valid";
    .port_info 14 /OUTPUT 3 "state";
P_0000025b983a27a0 .param/l "S_COMPUTE_1" 1 4 16, C4<010>;
P_0000025b983a27d8 .param/l "S_COMPUTE_2" 1 4 17, C4<011>;
P_0000025b983a2810 .param/l "S_COMPUTE_3" 1 4 18, C4<100>;
P_0000025b983a2848 .param/l "S_COMPUTE_4" 1 4 19, C4<101>;
P_0000025b983a2880 .param/l "S_DONE" 1 4 20, C4<110>;
P_0000025b983a28b8 .param/l "S_IDLE" 1 4 14, C4<000>;
P_0000025b983a28f0 .param/l "S_READ" 1 4 15, C4<001>;
v0000025b983b80b0_0 .net "clk", 0 0, v0000025b9841bef0_0;  alias, 1 drivers
v0000025b983b7e30_0 .net "compute_done", 0 0, v0000025b98419120_0;  alias, 1 drivers
v0000025b983b83d0_0 .net "continue_while", 0 0, v0000025b984191c0_0;  alias, 1 drivers
v0000025b983b8790_0 .var "current_state", 2 0;
v0000025b983b8830_0 .var "load_a", 0 0;
v0000025b983b8010_0 .var "load_dx", 0 0;
v0000025b983b8510_0 .var "load_u", 0 0;
v0000025b983b8650_0 .var "load_x", 0 0;
v0000025b983b7bb0_0 .var "next_state", 2 0;
v0000025b983b7c50_0 .net "ready", 0 0, v0000025b9841ab90_0;  alias, 1 drivers
v0000025b983b7b10_0 .net "reset", 0 0, v0000025b9841a410_0;  alias, 1 drivers
v0000025b983b7cf0_0 .net "s1", 0 0, v0000025b9841a2d0_0;  alias, 1 drivers
v0000025b983b86f0_0 .net "s2", 0 0, v0000025b9841a370_0;  alias, 1 drivers
v0000025b983b8150_0 .net "s3", 0 0, v0000025b9841b950_0;  alias, 1 drivers
v0000025b983b88d0_0 .net "s4", 0 0, v0000025b9841ac30_0;  alias, 1 drivers
v0000025b983b8970_0 .var "state", 2 0;
v0000025b983b8470_0 .var "valid", 0 0;
E_0000025b98347ce0 .event posedge, v0000025b983b7b10_0, v0000025b983b80b0_0;
E_0000025b983488a0 .event anyedge, v0000025b983b8790_0, v0000025b983b7c50_0, v0000025b983b7e30_0, v0000025b983b83d0_0;
E_0000025b98348260 .event anyedge, v0000025b983b8790_0;
S_0000025b983ba660 .scope module, "dp" "datapath" 3 32, 5 1 0, S_0000025b983ad270;
 .timescale 0 0;
    .port_info 0 /INPUT 1 "clk";
    .port_info 1 /INPUT 4 "in";
    .port_info 2 /INPUT 1 "load_x";
    .port_info 3 /INPUT 1 "load_dx";
    .port_info 4 /INPUT 1 "load_u";
    .port_info 5 /INPUT 1 "load_a";
    .port_info 6 /INPUT 1 "reset";
    .port_info 7 /INPUT 3 "state";
    .port_info 8 /OUTPUT 16 "out";
    .port_info 9 /OUTPUT 1 "compute_done";
    .port_info 10 /OUTPUT 1 "continue_while";
P_0000025b983897e0 .param/l "S_COMPUTE_1" 1 5 13, C4<010>;
P_0000025b98389818 .param/l "S_COMPUTE_2" 1 5 14, C4<011>;
P_0000025b98389850 .param/l "S_COMPUTE_3" 1 5 15, C4<100>;
P_0000025b98389888 .param/l "S_COMPUTE_4" 1 5 16, C4<101>;
P_0000025b983898c0 .param/l "S_DONE" 1 5 17, C4<110>;
P_0000025b983898f8 .param/l "S_IDLE" 1 5 11, C4<000>;
P_0000025b98389930 .param/l "S_READ" 1 5 12, C4<001>;
v0000025b98418fe0_0 .var/s "a", 3 0;
v0000025b98419300_0 .net "a1done", 0 0, v0000025b983b7d90_0;  1 drivers
v0000025b98419080_0 .var "add_sub_ctrl", 0 0;
v0000025b98419f80_0 .net "clk", 0 0, v0000025b9841bef0_0;  alias, 1 drivers
v0000025b98419120_0 .var "compute_done", 0 0;
v0000025b98418f40_0 .var "compute_done_next", 0 0;
v0000025b984191c0_0 .var "continue_while", 0 0;
v0000025b98419260_0 .var/s "dx", 3 0;
v0000025b984196c0_0 .net "in", 3 0, v0000025b9841acd0_0;  alias, 1 drivers
v0000025b98418b80_0 .net "load_a", 0 0, v0000025b983b8830_0;  alias, 1 drivers
v0000025b98418720_0 .net "load_dx", 0 0, v0000025b983b8010_0;  alias, 1 drivers
v0000025b98419580_0 .net "load_u", 0 0, v0000025b983b8510_0;  alias, 1 drivers
v0000025b98418ea0_0 .net "load_x", 0 0, v0000025b983b8650_0;  alias, 1 drivers
v0000025b98418e00_0 .net "m1done", 0 0, v0000025b983b7f70_0;  1 drivers
v0000025b98418680_0 .net "m2done", 0 0, v0000025b98418540_0;  1 drivers
v0000025b98419940_0 .var/s "out", 15 0;
v0000025b98418900_0 .var/s "r1", 7 0;
v0000025b984199e0_0 .var/s "r2", 7 0;
v0000025b984184a0_0 .var/s "r3", 7 0;
v0000025b98419760_0 .var/s "r4", 7 0;
v0000025b984193a0_0 .var/s "r5", 7 0;
v0000025b98419bc0_0 .var/s "r6", 7 0;
v0000025b984198a0_0 .net "reset", 0 0, v0000025b9841a410_0;  alias, 1 drivers
v0000025b98419440_0 .net "state", 2 0, v0000025b983b8970_0;  alias, 1 drivers
v0000025b98419620_0 .var "t1", 15 0;
v0000025b98419ee0_0 .var "t2", 15 0;
v0000025b984187c0_0 .var "t3", 15 0;
v0000025b98418860_0 .var "t4", 15 0;
v0000025b984194e0_0 .var "t5", 15 0;
v0000025b98419b20_0 .var "t6", 15 0;
v0000025b98418ae0_0 .var "t7", 15 0;
v0000025b98418cc0_0 .var "t8", 15 0;
v0000025b984189a0_0 .var "t9", 15 0;
v0000025b98418a40_0 .var/s "u", 15 0;
v0000025b98418c20_0 .net/s "w1", 15 0, v0000025b98419a80_0;  1 drivers
v0000025b98419800_0 .net/s "w2", 15 0, v0000025b98419c60_0;  1 drivers
v0000025b984180e0_0 .net/s "w3", 15 0, L_0000025b9841ba90;  1 drivers
v0000025b98418180_0 .var/s "x", 4 0;
v0000025b98419d00_0 .var/s "y", 15 0;
E_0000025b983482a0 .event anyedge, v0000025b98419d00_0;
E_0000025b983489e0 .event posedge, v0000025b983b80b0_0;
L_0000025b9841b9f0 .extend/s 16, v0000025b984193a0_0;
L_0000025b9841a870 .extend/s 16, v0000025b98419bc0_0;
L_0000025b9841ba90 .part v0000025b983b7a70_0, 0, 16;
S_0000025b98389970 .scope module, "a1" "adder_subtractor" 5 48, 6 18 0, S_0000025b983ba660;
 .timescale -9 -12;
    .port_info 0 /INPUT 16 "in1";
    .port_info 1 /INPUT 16 "in2";
    .port_info 2 /INPUT 1 "add_sub";
    .port_info 3 /OUTPUT 17 "out";
    .port_info 4 /OUTPUT 1 "done";
P_0000025b98349aa0 .param/l "WIDTH" 0 6 19, +C4<00000000000000000000000000010000>;
v0000025b983b81f0_0 .net "add_sub", 0 0, v0000025b98419080_0;  1 drivers
v0000025b983b7d90_0 .var "done", 0 0;
v0000025b983b7ed0_0 .net/s "in1", 15 0, L_0000025b9841b9f0;  1 drivers
v0000025b983b8290_0 .net/s "in2", 15 0, L_0000025b9841a870;  1 drivers
v0000025b983b7a70_0 .var/s "out", 16 0;
E_0000025b983492a0/0 .event anyedge, v0000025b983b7ed0_0, v0000025b983b8290_0, v0000025b983b81f0_0, v0000025b983b7d90_0;
E_0000025b983492a0/1 .event anyedge, v0000025b983b7a70_0;
E_0000025b983492a0 .event/or E_0000025b983492a0/0, E_0000025b983492a0/1;
S_0000025b98385750 .scope module, "m1" "multiplier" 5 46, 6 1 0, S_0000025b983ba660;
 .timescale -9 -12;
    .port_info 0 /INPUT 8 "in1";
    .port_info 1 /INPUT 8 "in2";
    .port_info 2 /OUTPUT 16 "out";
    .port_info 3 /OUTPUT 1 "done";
P_0000025b98349b60 .param/l "IN_WIDTH" 0 6 2, +C4<00000000000000000000000000001000>;
v0000025b983b7f70_0 .var "done", 0 0;
v0000025b983b8330_0 .net/s "in1", 7 0, v0000025b98418900_0;  1 drivers
v0000025b98418400_0 .net/s "in2", 7 0, v0000025b984199e0_0;  1 drivers
v0000025b98419a80_0 .var/s "out", 15 0;
E_0000025b983494e0 .event anyedge, v0000025b983b8330_0, v0000025b98418400_0, v0000025b983b7f70_0, v0000025b98419a80_0;
S_0000025b983858e0 .scope module, "m2" "multiplier" 5 47, 6 1 0, S_0000025b983ba660;
 .timescale -9 -12;
    .port_info 0 /INPUT 8 "in1";
    .port_info 1 /INPUT 8 "in2";
    .port_info 2 /OUTPUT 16 "out";
    .port_info 3 /OUTPUT 1 "done";
P_0000025b98349be0 .param/l "IN_WIDTH" 0 6 2, +C4<00000000000000000000000000001000>;
v0000025b98418540_0 .var "done", 0 0;
v0000025b984185e0_0 .net/s "in1", 7 0, v0000025b984184a0_0;  1 drivers
v0000025b984182c0_0 .net/s "in2", 7 0, v0000025b98419760_0;  1 drivers
v0000025b98419c60_0 .var/s "out", 15 0;
E_0000025b98348fe0 .event anyedge, v0000025b984185e0_0, v0000025b984182c0_0, v0000025b98418540_0, v0000025b98419c60_0;
    .scope S_0000025b983a2610;
T_0 ;
    %wait E_0000025b98347ce0;
    %load/vec4 v0000025b983b7b10_0;
    %flag_set/vec4 8;
    %jmp/0xz  T_0.0, 8;
    %vpi_call 4 26 "$display", "Time: %0t | STATE: IDLE (Reset Activated)", $time {0 0 0};
    %pushi/vec4 0, 0, 3;
    %assign/vec4 v0000025b983b8790_0, 0;
    %jmp T_0.1;
T_0.0 ;
    %load/vec4 v0000025b983b7bb0_0;
    %assign/vec4 v0000025b983b8790_0, 0;
T_0.1 ;
    %jmp T_0;
    .thread T_0;
    .scope S_0000025b983a2610;
T_1 ;
    %wait E_0000025b98348260;
    %load/vec4 v0000025b983b8790_0;
    %store/vec4 v0000025b983b8970_0, 0, 3;
    %jmp T_1;
    .thread T_1, $push;
    .scope S_0000025b983a2610;
T_2 ;
    %wait E_0000025b983488a0;
    %load/vec4 v0000025b983b8790_0;
    %store/vec4 v0000025b983b7bb0_0, 0, 3;
    %load/vec4 v0000025b983b8790_0;
    %dup/vec4;
    %pushi/vec4 0, 0, 3;
    %cmp/u;
    %jmp/1 T_2.0, 6;
    %dup/vec4;
    %pushi/vec4 1, 0, 3;
    %cmp/u;
    %jmp/1 T_2.1, 6;
    %dup/vec4;
    %pushi/vec4 2, 0, 3;
    %cmp/u;
    %jmp/1 T_2.2, 6;
    %dup/vec4;
    %pushi/vec4 3, 0, 3;
    %cmp/u;
    %jmp/1 T_2.3, 6;
    %dup/vec4;
    %pushi/vec4 4, 0, 3;
    %cmp/u;
    %jmp/1 T_2.4, 6;
    %dup/vec4;
    %pushi/vec4 5, 0, 3;
    %cmp/u;
    %jmp/1 T_2.5, 6;
    %dup/vec4;
    %pushi/vec4 6, 0, 3;
    %cmp/u;
    %jmp/1 T_2.6, 6;
    %jmp T_2.7;
T_2.0 ;
    %vpi_call 4 43 "$display", "Time: %0t | STATE: READ (Waiting for inputs...)", $time {0 0 0};
    %pushi/vec4 1, 0, 3;
    %store/vec4 v0000025b983b7bb0_0, 0, 3;
    %jmp T_2.7;
T_2.1 ;
    %vpi_call 4 49 "$display", "Time: %0t | STATE: READ (reading started)", $time {0 0 0};
    %load/vec4 v0000025b983b7c50_0;
    %flag_set/vec4 8;
    %jmp/0xz  T_2.8, 8;
    %pushi/vec4 2, 0, 3;
    %store/vec4 v0000025b983b7bb0_0, 0, 3;
    %vpi_call 4 52 "$display", "Time: %0t | STATE: LOAD (Ready signal received)", $time {0 0 0};
T_2.8 ;
    %jmp T_2.7;
T_2.2 ;
    %vpi_call 4 58 "$display", "Time: %0t | STATE: COMPUTE_1 (Processing..)", $time {0 0 0};
    %load/vec4 v0000025b983b7e30_0;
    %flag_set/vec4 8;
    %jmp/0xz  T_2.10, 8;
    %pushi/vec4 3, 0, 3;
    %store/vec4 v0000025b983b7bb0_0, 0, 3;
    %vpi_call 4 61 "$display", "Time: %0t | STATE: COMPUTE_1 (completed)", $time {0 0 0};
T_2.10 ;
    %jmp T_2.7;
T_2.3 ;
    %vpi_call 4 66 "$display", "Time: %0t | STATE: COMPUTE_2 (Processing...)", $time {0 0 0};
    %load/vec4 v0000025b983b7e30_0;
    %flag_set/vec4 8;
    %jmp/0xz  T_2.12, 8;
    %pushi/vec4 4, 0, 3;
    %store/vec4 v0000025b983b7bb0_0, 0, 3;
    %vpi_call 4 69 "$display", "Time: %0t | STATE: COMPUTE_2 finished (completed)", $time {0 0 0};
T_2.12 ;
    %jmp T_2.7;
T_2.4 ;
    %vpi_call 4 74 "$display", "Time: %0t | STATE: COMPUTE_3 (Processing...)", $time {0 0 0};
    %load/vec4 v0000025b983b7e30_0;
    %flag_set/vec4 8;
    %jmp/0xz  T_2.14, 8;
    %pushi/vec4 5, 0, 3;
    %store/vec4 v0000025b983b7bb0_0, 0, 3;
    %vpi_call 4 77 "$display", "Time: %0t | STATE: COMPUTE_3 (completed)", $time {0 0 0};
T_2.14 ;
    %jmp T_2.7;
T_2.5 ;
    %vpi_call 4 82 "$display", "Time: %0t | STATE: COMPUTE_4 (Processing...)", $time {0 0 0};
    %load/vec4 v0000025b983b83d0_0;
    %pad/u 32;
    %cmpi/e 0, 0, 32;
    %jmp/0xz  T_2.16, 4;
    %pushi/vec4 6, 0, 3;
    %store/vec4 v0000025b983b7bb0_0, 0, 3;
    %vpi_call 4 85 "$display", "Time: %0t | STATE: COMPUTE_4 (completed)", $time {0 0 0};
    %jmp T_2.17;
T_2.16 ;
    %load/vec4 v0000025b983b83d0_0;
    %pad/u 32;
    %cmpi/e 1, 0, 32;
    %flag_get/vec4 4;
    %jmp/0 T_2.20, 4;
    %load/vec4 v0000025b983b7e30_0;
    %pushi/vec4 1, 0, 1;
    %cmp/e;
    %flag_get/vec4 4;
    %and;
T_2.20;
    %flag_set/vec4 8;
    %jmp/0xz  T_2.18, 8;
    %pushi/vec4 2, 0, 3;
    %store/vec4 v0000025b983b7bb0_0, 0, 3;
    %jmp T_2.19;
T_2.18 ;
    %pushi/vec4 6, 0, 3;
    %store/vec4 v0000025b983b7bb0_0, 0, 3;
T_2.19 ;
T_2.17 ;
    %jmp T_2.7;
T_2.6 ;
    %pushi/vec4 6, 0, 3;
    %store/vec4 v0000025b983b7bb0_0, 0, 3;
    %vpi_call 4 97 "$display", "Time: %0t | STATE: DONE (Computation finished)", $time {0 0 0};
    %jmp T_2.7;
T_2.7 ;
    %pop/vec4 1;
    %jmp T_2;
    .thread T_2, $push;
    .scope S_0000025b983a2610;
T_3 ;
    %wait E_0000025b98347ce0;
    %load/vec4 v0000025b983b8790_0;
    %cmpi/e 1, 0, 3;
    %jmp/0xz  T_3.0, 4;
    %load/vec4 v0000025b983b7b10_0;
    %flag_set/vec4 8;
    %jmp/0xz  T_3.2, 8;
    %pushi/vec4 0, 0, 1;
    %assign/vec4 v0000025b983b8650_0, 0;
    %pushi/vec4 0, 0, 1;
    %assign/vec4 v0000025b983b8010_0, 0;
    %pushi/vec4 0, 0, 1;
    %assign/vec4 v0000025b983b8510_0, 0;
    %pushi/vec4 0, 0, 1;
    %assign/vec4 v0000025b983b8830_0, 0;
    %pushi/vec4 0, 0, 1;
    %assign/vec4 v0000025b983b8470_0, 0;
    %jmp T_3.3;
T_3.2 ;
    %load/vec4 v0000025b983b7cf0_0;
    %flag_set/vec4 8;
    %jmp/0xz  T_3.4, 8;
    %pushi/vec4 1, 0, 1;
    %assign/vec4 v0000025b983b8650_0, 0;
    %pushi/vec4 0, 0, 1;
    %assign/vec4 v0000025b983b8010_0, 0;
    %pushi/vec4 0, 0, 1;
    %assign/vec4 v0000025b983b8510_0, 0;
    %pushi/vec4 0, 0, 1;
    %assign/vec4 v0000025b983b8830_0, 0;
    %jmp T_3.5;
T_3.4 ;
    %load/vec4 v0000025b983b86f0_0;
    %flag_set/vec4 8;
    %jmp/0xz  T_3.6, 8;
    %pushi/vec4 1, 0, 1;
    %assign/vec4 v0000025b983b8010_0, 0;
    %pushi/vec4 0, 0, 1;
    %assign/vec4 v0000025b983b8650_0, 0;
    %pushi/vec4 0, 0, 1;
    %assign/vec4 v0000025b983b8510_0, 0;
    %pushi/vec4 0, 0, 1;
    %assign/vec4 v0000025b983b8830_0, 0;
    %jmp T_3.7;
T_3.6 ;
    %load/vec4 v0000025b983b8150_0;
    %flag_set/vec4 8;
    %jmp/0xz  T_3.8, 8;
    %pushi/vec4 1, 0, 1;
    %assign/vec4 v0000025b983b8830_0, 0;
    %pushi/vec4 0, 0, 1;
    %assign/vec4 v0000025b983b8010_0, 0;
    %pushi/vec4 0, 0, 1;
    %assign/vec4 v0000025b983b8650_0, 0;
    %pushi/vec4 0, 0, 1;
    %assign/vec4 v0000025b983b8510_0, 0;
    %jmp T_3.9;
T_3.8 ;
    %load/vec4 v0000025b983b88d0_0;
    %flag_set/vec4 8;
    %jmp/0xz  T_3.10, 8;
    %pushi/vec4 1, 0, 1;
    %assign/vec4 v0000025b983b8510_0, 0;
    %pushi/vec4 0, 0, 1;
    %assign/vec4 v0000025b983b8010_0, 0;
    %pushi/vec4 0, 0, 1;
    %assign/vec4 v0000025b983b8650_0, 0;
    %pushi/vec4 0, 0, 1;
    %assign/vec4 v0000025b983b8830_0, 0;
    %jmp T_3.11;
T_3.10 ;
    %pushi/vec4 0, 0, 1;
    %store/vec4 v0000025b983b8650_0, 0, 1;
    %pushi/vec4 0, 0, 1;
    %store/vec4 v0000025b983b8010_0, 0, 1;
    %pushi/vec4 0, 0, 1;
    %store/vec4 v0000025b983b8510_0, 0, 1;
    %pushi/vec4 0, 0, 1;
    %store/vec4 v0000025b983b8830_0, 0, 1;
T_3.11 ;
T_3.9 ;
T_3.7 ;
T_3.5 ;
T_3.3 ;
T_3.0 ;
    %load/vec4 v0000025b983b8790_0;
    %cmpi/e 6, 0, 3;
    %jmp/0xz  T_3.12, 4;
    %pushi/vec4 1, 0, 1;
    %store/vec4 v0000025b983b8470_0, 0, 1;
    %jmp T_3.13;
T_3.12 ;
    %pushi/vec4 0, 0, 1;
    %store/vec4 v0000025b983b8470_0, 0, 1;
T_3.13 ;
    %jmp T_3;
    .thread T_3;
    .scope S_0000025b98385750;
T_4 ;
    %wait E_0000025b983494e0;
    %pushi/vec4 0, 0, 1;
    %store/vec4 v0000025b983b7f70_0, 0, 1;
    %vpi_call 6 11 "$display", "Time: %0t | MULTIPLIER: Received inputs -> in1 = %d, in2 = %d, done = %b", $time, v0000025b983b8330_0, v0000025b98418400_0, v0000025b983b7f70_0 {0 0 0};
    %load/vec4 v0000025b983b8330_0;
    %pad/s 16;
    %load/vec4 v0000025b98418400_0;
    %pad/s 16;
    %mul;
    %store/vec4 v0000025b98419a80_0, 0, 16;
    %pushi/vec4 1, 0, 1;
    %store/vec4 v0000025b983b7f70_0, 0, 1;
    %vpi_call 6 14 "$display", "Time: %0t | MULTIPLIER: Computation done -> out = %d, done = %b", $time, v0000025b98419a80_0, v0000025b983b7f70_0 {0 0 0};
    %jmp T_4;
    .thread T_4, $push;
    .scope S_0000025b983858e0;
T_5 ;
    %wait E_0000025b98348fe0;
    %pushi/vec4 0, 0, 1;
    %store/vec4 v0000025b98418540_0, 0, 1;
    %vpi_call 6 11 "$display", "Time: %0t | MULTIPLIER: Received inputs -> in1 = %d, in2 = %d, done = %b", $time, v0000025b984185e0_0, v0000025b984182c0_0, v0000025b98418540_0 {0 0 0};
    %load/vec4 v0000025b984185e0_0;
    %pad/s 16;
    %load/vec4 v0000025b984182c0_0;
    %pad/s 16;
    %mul;
    %store/vec4 v0000025b98419c60_0, 0, 16;
    %pushi/vec4 1, 0, 1;
    %store/vec4 v0000025b98418540_0, 0, 1;
    %vpi_call 6 14 "$display", "Time: %0t | MULTIPLIER: Computation done -> out = %d, done = %b", $time, v0000025b98419c60_0, v0000025b98418540_0 {0 0 0};
    %jmp T_5;
    .thread T_5, $push;
    .scope S_0000025b98389970;
T_6 ;
    %wait E_0000025b983492a0;
    %pushi/vec4 0, 0, 1;
    %store/vec4 v0000025b983b7d90_0, 0, 1;
    %vpi_call 6 29 "$display", "Time: %0t | ADDER_SUBTRACTOR: Received inputs -> in1 = %d, in2 = %d, add_sub = %b, done= %b", $time, v0000025b983b7ed0_0, v0000025b983b8290_0, v0000025b983b81f0_0, v0000025b983b7d90_0 {0 0 0};
    %load/vec4 v0000025b983b81f0_0;
    %flag_set/vec4 8;
    %jmp/0xz  T_6.0, 8;
    %load/vec4 v0000025b983b7ed0_0;
    %pad/s 17;
    %load/vec4 v0000025b983b8290_0;
    %pad/s 17;
    %sub;
    %store/vec4 v0000025b983b7a70_0, 0, 17;
    %vpi_call 6 32 "$display", "Time: %0t | ADDER_SUBTRACTOR: Performing SUBTRACTION -> out = %d", $time, v0000025b983b7a70_0 {0 0 0};
    %jmp T_6.1;
T_6.0 ;
    %load/vec4 v0000025b983b7ed0_0;
    %pad/s 17;
    %load/vec4 v0000025b983b8290_0;
    %pad/s 17;
    %add;
    %store/vec4 v0000025b983b7a70_0, 0, 17;
    %vpi_call 6 35 "$display", "Time: %0t | ADDER_SUBTRACTOR: Performing ADDITION -> out = %d", $time, v0000025b983b7a70_0 {0 0 0};
T_6.1 ;
    %pushi/vec4 1, 0, 1;
    %store/vec4 v0000025b983b7d90_0, 0, 1;
    %vpi_call 6 38 "$display", "Time: %0t | ADDER_SUBTRACTOR: Computation done -> out = %d, done = %b", $time, v0000025b983b7a70_0, v0000025b983b7d90_0 {0 0 0};
    %jmp T_6;
    .thread T_6, $push;
    .scope S_0000025b983ba660;
T_7 ;
    %wait E_0000025b98347ce0;
    %load/vec4 v0000025b984198a0_0;
    %flag_set/vec4 8;
    %jmp/0xz  T_7.0, 8;
    %pushi/vec4 0, 0, 5;
    %assign/vec4 v0000025b98418180_0, 0;
    %pushi/vec4 0, 0, 4;
    %assign/vec4 v0000025b98419260_0, 0;
    %pushi/vec4 0, 0, 16;
    %assign/vec4 v0000025b98418a40_0, 0;
    %pushi/vec4 0, 0, 4;
    %assign/vec4 v0000025b98418fe0_0, 0;
    %pushi/vec4 0, 0, 16;
    %assign/vec4 v0000025b98419d00_0, 0;
    %pushi/vec4 0, 0, 16;
    %assign/vec4 v0000025b98419620_0, 0;
    %pushi/vec4 0, 0, 16;
    %assign/vec4 v0000025b98419ee0_0, 0;
    %pushi/vec4 0, 0, 16;
    %assign/vec4 v0000025b984187c0_0, 0;
    %pushi/vec4 0, 0, 16;
    %assign/vec4 v0000025b98418860_0, 0;
    %pushi/vec4 0, 0, 16;
    %assign/vec4 v0000025b984194e0_0, 0;
    %pushi/vec4 0, 0, 16;
    %assign/vec4 v0000025b98419b20_0, 0;
    %pushi/vec4 0, 0, 16;
    %assign/vec4 v0000025b98418ae0_0, 0;
    %pushi/vec4 0, 0, 16;
    %assign/vec4 v0000025b98418cc0_0, 0;
    %pushi/vec4 0, 0, 16;
    %assign/vec4 v0000025b984189a0_0, 0;
    %pushi/vec4 0, 0, 16;
    %assign/vec4 v0000025b98419940_0, 0;
    %pushi/vec4 0, 0, 1;
    %assign/vec4 v0000025b98419120_0, 0;
    %pushi/vec4 0, 0, 1;
    %assign/vec4 v0000025b98418f40_0, 0;
    %pushi/vec4 0, 0, 1;
    %assign/vec4 v0000025b984191c0_0, 0;
    %vpi_call 5 59 "$display", "Time: %0t | RESET ACTIVATED: Registers cleared", $time {0 0 0};
    %jmp T_7.1;
T_7.0 ;
    %load/vec4 v0000025b98418f40_0;
    %assign/vec4 v0000025b98419120_0, 0;
    %pushi/vec4 0, 0, 1;
    %assign/vec4 v0000025b98418f40_0, 0;
    %load/vec4 v0000025b98418ea0_0;
    %flag_set/vec4 8;
    %jmp/0xz  T_7.2, 8;
    %load/vec4 v0000025b984196c0_0;
    %pad/s 5;
    %assign/vec4 v0000025b98418180_0, 0;
    %vpi_call 5 67 "$display", "Time: %0t | INPUT: X loaded with value %d", $time, v0000025b984196c0_0 {0 0 0};
    %jmp T_7.3;
T_7.2 ;
    %load/vec4 v0000025b98418720_0;
    %flag_set/vec4 8;
    %jmp/0xz  T_7.4, 8;
    %load/vec4 v0000025b984196c0_0;
    %assign/vec4 v0000025b98419260_0, 0;
    %vpi_call 5 70 "$display", "Time: %0t | INPUT: DX loaded with value %d", $time, v0000025b984196c0_0 {0 0 0};
    %jmp T_7.5;
T_7.4 ;
    %load/vec4 v0000025b98418b80_0;
    %flag_set/vec4 8;
    %jmp/0xz  T_7.6, 8;
    %load/vec4 v0000025b984196c0_0;
    %assign/vec4 v0000025b98418fe0_0, 0;
    %vpi_call 5 73 "$display", "Time: %0t | INPUT: A loaded with value %d", $time, v0000025b984196c0_0 {0 0 0};
    %jmp T_7.7;
T_7.6 ;
    %load/vec4 v0000025b98419580_0;
    %flag_set/vec4 8;
    %jmp/0xz  T_7.8, 8;
    %load/vec4 v0000025b984196c0_0;
    %pad/s 16;
    %assign/vec4 v0000025b98418a40_0, 0;
    %vpi_call 5 76 "$display", "Time: %0t | INPUT: U loaded with value %d", $time, v0000025b984196c0_0 {0 0 0};
T_7.8 ;
T_7.7 ;
T_7.5 ;
T_7.3 ;
T_7.1 ;
    %jmp T_7;
    .thread T_7;
    .scope S_0000025b983ba660;
T_8 ;
    %wait E_0000025b983489e0;
    %pushi/vec4 0, 0, 1;
    %assign/vec4 v0000025b984191c0_0, 0;
    %load/vec4 v0000025b98419d00_0;
    %assign/vec4 v0000025b98419940_0, 0;
    %load/vec4 v0000025b98419440_0;
    %dup/vec4;
    %pushi/vec4 2, 0, 3;
    %cmp/u;
    %jmp/1 T_8.0, 6;
    %dup/vec4;
    %pushi/vec4 3, 0, 3;
    %cmp/u;
    %jmp/1 T_8.1, 6;
    %dup/vec4;
    %pushi/vec4 4, 0, 3;
    %cmp/u;
    %jmp/1 T_8.2, 6;
    %dup/vec4;
    %pushi/vec4 5, 0, 3;
    %cmp/u;
    %jmp/1 T_8.3, 6;
    %dup/vec4;
    %pushi/vec4 6, 0, 3;
    %cmp/u;
    %jmp/1 T_8.4, 6;
    %vpi_call 5 186 "$display", "y is : %d ", v0000025b98419d00_0 {0 0 0};
    %jmp T_8.6;
T_8.0 ;
    %vpi_call 5 88 "$display", "Time: %0t | STATE: COMPUTE_1 (Performing computations)", $time {0 0 0};
    %load/vec4 v0000025b98419260_0;
    %pad/s 8;
    %store/vec4 v0000025b98418900_0, 0, 8;
    %pushi/vec4 3, 0, 8;
    %store/vec4 v0000025b984199e0_0, 0, 8;
    %load/vec4 v0000025b98418c20_0;
    %store/vec4 v0000025b98419620_0, 0, 16;
    %vpi_call 5 93 "$display", "Time: %0t | COMPUTATION: 3dx = %d", $time, v0000025b98419620_0 {0 0 0};
    %load/vec4 v0000025b98418a40_0;
    %pad/s 8;
    %store/vec4 v0000025b984184a0_0, 0, 8;
    %load/vec4 v0000025b98418180_0;
    %pad/s 8;
    %store/vec4 v0000025b98419760_0, 0, 8;
    %load/vec4 v0000025b98419800_0;
    %store/vec4 v0000025b98419ee0_0, 0, 16;
    %vpi_call 5 100 "$display", "Time: %0t | COMPUTATION: ux = %d", $time, v0000025b98419ee0_0 {0 0 0};
    %pushi/vec4 0, 0, 1;
    %store/vec4 v0000025b98419080_0, 0, 1;
    %load/vec4 v0000025b98418180_0;
    %pad/s 8;
    %store/vec4 v0000025b984193a0_0, 0, 8;
    %load/vec4 v0000025b98419260_0;
    %pad/s 8;
    %store/vec4 v0000025b98419bc0_0, 0, 8;
    %load/vec4 v0000025b984180e0_0;
    %store/vec4 v0000025b984187c0_0, 0, 16;
    %vpi_call 5 107 "$display", "Time: %0t | COMPUTATION: x+dx = %d", $time, v0000025b984187c0_0 {0 0 0};
    %load/vec4 v0000025b98418e00_0;
    %flag_set/vec4 10;
    %flag_get/vec4 10;
    %jmp/0 T_8.10, 10;
    %load/vec4 v0000025b98418680_0;
    %and;
T_8.10;
    %flag_set/vec4 9;
    %flag_get/vec4 9;
    %jmp/0 T_8.9, 9;
    %load/vec4 v0000025b98419300_0;
    %and;
T_8.9;
    %flag_set/vec4 8;
    %jmp/0xz  T_8.7, 8;
    %vpi_call 5 110 "$display", "Time: %0t | COMPUTATION: 3dx: %d, ux: %d,x+dx = %d", $time, v0000025b98419620_0, v0000025b98419ee0_0, v0000025b984187c0_0 {0 0 0};
    %pushi/vec4 1, 0, 1;
    %store/vec4 v0000025b98418f40_0, 0, 1;
T_8.7 ;
    %jmp T_8.6;
T_8.1 ;
    %vpi_call 5 116 "$display", "Time: %0t | STATE: COMPUTE_2 (Performing computations)", $time {0 0 0};
    %load/vec4 v0000025b98418a40_0;
    %pad/s 8;
    %store/vec4 v0000025b98418900_0, 0, 8;
    %load/vec4 v0000025b98419260_0;
    %pad/s 8;
    %store/vec4 v0000025b984199e0_0, 0, 8;
    %load/vec4 v0000025b98418c20_0;
    %store/vec4 v0000025b98418860_0, 0, 16;
    %vpi_call 5 121 "$display", "Time: %0t | COMPUTATION: udx = %d", $time, v0000025b98418860_0 {0 0 0};
    %pushi/vec4 1, 0, 1;
    %store/vec4 v0000025b98419080_0, 0, 1;
    %load/vec4 v0000025b98419ee0_0;
    %pad/u 8;
    %store/vec4 v0000025b984193a0_0, 0, 8;
    %load/vec4 v0000025b98419d00_0;
    %pad/s 8;
    %store/vec4 v0000025b98419bc0_0, 0, 8;
    %load/vec4 v0000025b984180e0_0;
    %store/vec4 v0000025b984194e0_0, 0, 16;
    %vpi_call 5 128 "$display", "Time: %0t | COMPUTATION: ux - y = %d", $time, v0000025b984194e0_0 {0 0 0};
    %load/vec4 v0000025b98418e00_0;
    %flag_set/vec4 9;
    %flag_get/vec4 9;
    %jmp/0 T_8.13, 9;
    %load/vec4 v0000025b98419300_0;
    %and;
T_8.13;
    %flag_set/vec4 8;
    %jmp/0xz  T_8.11, 8;
    %pushi/vec4 1, 0, 1;
    %store/vec4 v0000025b98418f40_0, 0, 1;
T_8.11 ;
    %jmp T_8.6;
T_8.2 ;
    %vpi_call 5 135 "$display", "Time: %0t | STATE: COMPUTE_3 (Performing computations)", $time {0 0 0};
    %load/vec4 v0000025b98419620_0;
    %pad/u 8;
    %store/vec4 v0000025b98418900_0, 0, 8;
    %load/vec4 v0000025b984194e0_0;
    %pad/u 8;
    %store/vec4 v0000025b984199e0_0, 0, 8;
    %load/vec4 v0000025b98418c20_0;
    %store/vec4 v0000025b98419b20_0, 0, 16;
    %vpi_call 5 140 "$display", "Time: %0t | COMPUTATION: 3dx(ux - y) = %d", $time, v0000025b98419b20_0 {0 0 0};
    %pushi/vec4 0, 0, 1;
    %store/vec4 v0000025b98419080_0, 0, 1;
    %load/vec4 v0000025b98419d00_0;
    %pad/s 8;
    %store/vec4 v0000025b984193a0_0, 0, 8;
    %load/vec4 v0000025b98418860_0;
    %pad/u 8;
    %store/vec4 v0000025b98419bc0_0, 0, 8;
    %load/vec4 v0000025b984180e0_0;
    %store/vec4 v0000025b98418ae0_0, 0, 16;
    %vpi_call 5 147 "$display", "Time: %0t | COMPUTATION: y + udx = %d", $time, v0000025b98418ae0_0 {0 0 0};
    %load/vec4 v0000025b98418e00_0;
    %flag_set/vec4 9;
    %flag_get/vec4 9;
    %jmp/0 T_8.16, 9;
    %load/vec4 v0000025b98419300_0;
    %and;
T_8.16;
    %flag_set/vec4 8;
    %jmp/0xz  T_8.14, 8;
    %pushi/vec4 1, 0, 1;
    %store/vec4 v0000025b98418f40_0, 0, 1;
T_8.14 ;
    %jmp T_8.6;
T_8.3 ;
    %vpi_call 5 154 "$display", "Time: %0t | STATE: COMPUTE_4 (Performing computations)", $time {0 0 0};
    %pushi/vec4 1, 0, 1;
    %store/vec4 v0000025b98419080_0, 0, 1;
    %load/vec4 v0000025b98418a40_0;
    %pad/s 8;
    %store/vec4 v0000025b984193a0_0, 0, 8;
    %load/vec4 v0000025b98419b20_0;
    %pad/u 8;
    %store/vec4 v0000025b98419bc0_0, 0, 8;
    %load/vec4 v0000025b984180e0_0;
    %store/vec4 v0000025b98418cc0_0, 0, 16;
    %vpi_call 5 160 "$display", "Time: %0t | COMPUTATION: u - 3dx(ux - y) = %d", $time, v0000025b98418cc0_0 {0 0 0};
    %load/vec4 v0000025b984187c0_0;
    %pad/u 5;
    %store/vec4 v0000025b98418180_0, 0, 5;
    %load/vec4 v0000025b98418ae0_0;
    %store/vec4 v0000025b98419d00_0, 0, 16;
    %load/vec4 v0000025b98418cc0_0;
    %store/vec4 v0000025b98418a40_0, 0, 16;
    %load/vec4 v0000025b98418180_0;
    %load/vec4 v0000025b98418fe0_0;
    %pad/s 5;
    %cmp/s;
    %jmp/0xz  T_8.17, 5;
    %load/vec4 v0000025b98419300_0;
    %flag_set/vec4 8;
    %jmp/0xz  T_8.19, 8;
    %pushi/vec4 1, 0, 1;
    %store/vec4 v0000025b98418f40_0, 0, 1;
    %pushi/vec4 1, 0, 1;
    %store/vec4 v0000025b984191c0_0, 0, 1;
    %vpi_call 5 170 "$display", "Time: %0t | LOOP CONDITION: x (%d) < a (%d), continuing...", $time, v0000025b98418180_0, v0000025b98418fe0_0 {0 0 0};
T_8.19 ;
    %jmp T_8.18;
T_8.17 ;
    %pushi/vec4 1, 0, 1;
    %store/vec4 v0000025b98418f40_0, 0, 1;
    %pushi/vec4 0, 0, 1;
    %store/vec4 v0000025b984191c0_0, 0, 1;
    %vpi_call 5 176 "$display", "Time: %0t | LOOP CONDITION: x (%d) >= a (%d), stopping...", $time, v0000025b98418180_0, v0000025b98418fe0_0 {0 0 0};
T_8.18 ;
    %jmp T_8.6;
T_8.4 ;
    %pushi/vec4 1, 0, 1;
    %store/vec4 v0000025b98418f40_0, 0, 1;
    %vpi_call 5 182 "$display", "Time: %0t | STATE: DONE", $time {0 0 0};
    %jmp T_8.6;
T_8.6 ;
    %pop/vec4 1;
    %jmp T_8;
    .thread T_8;
    .scope S_0000025b983ba660;
T_9 ;
    %wait E_0000025b983482a0;
    %vpi_call 5 193 "$display", "y is : %d ", v0000025b98419d00_0 {0 0 0};
    %load/vec4 v0000025b98419d00_0;
    %store/vec4 v0000025b98419940_0, 0, 16;
    %jmp T_9;
    .thread T_9, $push;
    .scope S_0000025b983aac20;
T_10 ;
    %delay 5000, 0;
    %load/vec4 v0000025b9841bef0_0;
    %inv;
    %store/vec4 v0000025b9841bef0_0, 0, 1;
    %jmp T_10;
    .thread T_10;
    .scope S_0000025b983aac20;
T_11 ;
    %vpi_call 2 28 "$monitor", "Time: %0t | clk: %b | reset: %b | ready: %b | s1: %b | s2: %b | s3: %b | s4: %b | in: %b | out: %d | valid: %b", $time, v0000025b9841bef0_0, v0000025b9841a410_0, v0000025b9841ab90_0, v0000025b9841a2d0_0, v0000025b9841a370_0, v0000025b9841b950_0, v0000025b9841ac30_0, v0000025b9841acd0_0, v0000025b9841b8b0_0, v0000025b9841a9b0_0 {0 0 0};
    %pushi/vec4 0, 0, 1;
    %store/vec4 v0000025b9841bef0_0, 0, 1;
    %pushi/vec4 1, 0, 1;
    %store/vec4 v0000025b9841a410_0, 0, 1;
    %pushi/vec4 0, 0, 1;
    %store/vec4 v0000025b9841ab90_0, 0, 1;
    %pushi/vec4 0, 0, 1;
    %store/vec4 v0000025b9841a2d0_0, 0, 1;
    %pushi/vec4 0, 0, 1;
    %store/vec4 v0000025b9841a370_0, 0, 1;
    %pushi/vec4 0, 0, 1;
    %store/vec4 v0000025b9841b950_0, 0, 1;
    %pushi/vec4 0, 0, 1;
    %store/vec4 v0000025b9841ac30_0, 0, 1;
    %pushi/vec4 0, 0, 4;
    %store/vec4 v0000025b9841acd0_0, 0, 4;
    %delay 10000, 0;
    %pushi/vec4 0, 0, 1;
    %store/vec4 v0000025b9841a410_0, 0, 1;
    %delay 10000, 0;
    %pushi/vec4 1, 0, 1;
    %store/vec4 v0000025b9841a410_0, 0, 1;
    %delay 10000, 0;
    %pushi/vec4 0, 0, 1;
    %store/vec4 v0000025b9841a410_0, 0, 1;
    %delay 10000, 0;
    %pushi/vec4 3, 0, 4;
    %store/vec4 v0000025b9841acd0_0, 0, 4;
    %pushi/vec4 1, 0, 1;
    %store/vec4 v0000025b9841a2d0_0, 0, 1;
    %delay 20000, 0;
    %pushi/vec4 0, 0, 1;
    %store/vec4 v0000025b9841a2d0_0, 0, 1;
    %delay 10000, 0;
    %pushi/vec4 1, 0, 1;
    %store/vec4 v0000025b9841a370_0, 0, 1;
    %delay 10000, 0;
    %pushi/vec4 1, 0, 4;
    %store/vec4 v0000025b9841acd0_0, 0, 4;
    %delay 10000, 0;
    %pushi/vec4 0, 0, 1;
    %store/vec4 v0000025b9841a370_0, 0, 1;
    %delay 10000, 0;
    %pushi/vec4 1, 0, 1;
    %store/vec4 v0000025b9841b950_0, 0, 1;
    %delay 10000, 0;
    %pushi/vec4 7, 0, 4;
    %store/vec4 v0000025b9841acd0_0, 0, 4;
    %delay 10000, 0;
    %pushi/vec4 0, 0, 1;
    %store/vec4 v0000025b9841b950_0, 0, 1;
    %delay 10000, 0;
    %pushi/vec4 1, 0, 1;
    %store/vec4 v0000025b9841ac30_0, 0, 1;
    %delay 10000, 0;
    %pushi/vec4 9, 0, 4;
    %store/vec4 v0000025b9841acd0_0, 0, 4;
    %delay 10000, 0;
    %pushi/vec4 0, 0, 1;
    %store/vec4 v0000025b9841ac30_0, 0, 1;
    %delay 10000, 0;
    %pushi/vec4 1, 0, 1;
    %store/vec4 v0000025b9841ab90_0, 0, 1;
    %vpi_call 2 60 "$display", "Computation started" {0 0 0};
T_11.0 ;
    %load/vec4 v0000025b9841a9b0_0;
    %cmpi/ne 1, 0, 1;
    %jmp/0xz T_11.1, 6;
    %wait E_0000025b98346320;
    %jmp T_11.0;
T_11.1 ;
    %delay 10000, 0;
    %vpi_call 2 66 "$display", "Computation finished. Output: %d", v0000025b9841b8b0_0 {0 0 0};
    %delay 20000, 0;
    %vpi_call 2 69 "$finish" {0 0 0};
    %end;
    .thread T_11;
# The file index is used to find the file name in the following table.
:file_names 7;
    "N/A";
    "<interactive>";
    ".\dtb.vl";
    ".\differentiator.vl";
    ".\controller.v";
    ".\datapath.v";
    ".\modular_units.v";
