#! /c/Source/iverilog-install/bin/vvp
:ivl_version "12.0 (devel)" "(s20150603-1539-g2693dd32b)";
:ivl_delay_selection "TYPICAL";
:vpi_time_precision - 12;
:vpi_module "D:\iverilog\lib\ivl\system.vpi";
:vpi_module "D:\iverilog\lib\ivl\vhdl_sys.vpi";
:vpi_module "D:\iverilog\lib\ivl\vhdl_textio.vpi";
:vpi_module "D:\iverilog\lib\ivl\v2005_math.vpi";
:vpi_module "D:\iverilog\lib\ivl\va_math.vpi";
S_0000024c2670fad0 .scope module, "differentiator_tb" "differentiator_tb" 2 3;
 .timescale -9 -12;
v0000024c2679eba0_0 .var "clk", 0 0;
v0000024c2679e7e0_0 .var "in", 3 0;
v0000024c2679eb00_0 .net "out", 15 0, v0000024c2679ceb0_0;  1 drivers
v0000024c2679ec40_0 .var "ready", 0 0;
v0000024c2679fbe0_0 .var "reset", 0 0;
v0000024c2679e6a0_0 .var "s1", 0 0;
v0000024c2679f780_0 .var "s2", 0 0;
v0000024c2679ee20_0 .var "s3", 0 0;
v0000024c2679f3c0_0 .var "s4", 0 0;
v0000024c2679f5a0_0 .net "valid", 0 0, v0000024c26728ce0_0;  1 drivers
E_0000024c2672eaf0 .event anyedge, v0000024c26728ce0_0;
S_0000024c26729fa0 .scope module, "dut" "differentiator" 2 11, 3 1 0, S_0000024c2670fad0;
 .timescale 0 0;
    .port_info 0 /INPUT 1 "clk";
    .port_info 1 /INPUT 1 "reset";
    .port_info 2 /INPUT 1 "ready";
    .port_info 3 /INPUT 1 "s1";
    .port_info 4 /INPUT 1 "s2";
    .port_info 5 /INPUT 1 "s3";
    .port_info 6 /INPUT 1 "s4";
    .port_info 7 /INPUT 4 "in";
    .port_info 8 /OUTPUT 16 "out";
    .port_info 9 /OUTPUT 1 "valid";
v0000024c2679d090_0 .net "clk", 0 0, v0000024c2679eba0_0;  1 drivers
v0000024c2679d1d0_0 .net "compute_done", 0 0, v0000024c2679c2d0_0;  1 drivers
v0000024c2679d3b0_0 .net "continue_while", 0 0, v0000024c2679c410_0;  1 drivers
v0000024c2679d950_0 .net "in", 3 0, v0000024c2679e7e0_0;  1 drivers
v0000024c2679d9f0_0 .net "load_a", 0 0, v0000024c267290a0_0;  1 drivers
v0000024c2679e1a0_0 .net "load_dx", 0 0, v0000024c26729460_0;  1 drivers
v0000024c2679f320_0 .net "load_u", 0 0, v0000024c26728600_0;  1 drivers
v0000024c2679fb40_0 .net "load_x", 0 0, v0000024c267286a0_0;  1 drivers
v0000024c2679f6e0_0 .net "out", 15 0, v0000024c2679ceb0_0;  alias, 1 drivers
v0000024c2679ff00_0 .net "ready", 0 0, v0000024c2679ec40_0;  1 drivers
v0000024c2679ea60_0 .net "reset", 0 0, v0000024c2679fbe0_0;  1 drivers
v0000024c2679e2e0_0 .net "s1", 0 0, v0000024c2679e6a0_0;  1 drivers
v0000024c2679e100_0 .net "s2", 0 0, v0000024c2679f780_0;  1 drivers
v0000024c2679e420_0 .net "s3", 0 0, v0000024c2679ee20_0;  1 drivers
v0000024c2679f500_0 .net "s4", 0 0, v0000024c2679f3c0_0;  1 drivers
v0000024c2679e380_0 .net "state", 2 0, v0000024c26728c40_0;  1 drivers
v0000024c2679f640_0 .net "valid", 0 0, v0000024c26728ce0_0;  alias, 1 drivers
S_0000024c2672a130 .scope module, "ctrl" "controller" 3 13, 4 1 0, S_0000024c26729fa0;
 .timescale 0 0;
    .port_info 0 /INPUT 1 "clk";
    .port_info 1 /INPUT 1 "reset";
    .port_info 2 /INPUT 1 "ready";
    .port_info 3 /INPUT 1 "s1";
    .port_info 4 /INPUT 1 "s2";
    .port_info 5 /INPUT 1 "s3";
    .port_info 6 /INPUT 1 "s4";
    .port_info 7 /INPUT 1 "compute_done";
    .port_info 8 /INPUT 1 "continue_while";
    .port_info 9 /OUTPUT 1 "load_x";
    .port_info 10 /OUTPUT 1 "load_dx";
    .port_info 11 /OUTPUT 1 "load_u";
    .port_info 12 /OUTPUT 1 "load_a";
    .port_info 13 /OUTPUT 1 "valid";
    .port_info 14 /OUTPUT 3 "state";
P_0000024c2671a980 .param/l "S_COMPUTE_1" 1 4 16, C4<010>;
P_0000024c2671a9b8 .param/l "S_COMPUTE_2" 1 4 17, C4<011>;
P_0000024c2671a9f0 .param/l "S_COMPUTE_3" 1 4 18, C4<100>;
P_0000024c2671aa28 .param/l "S_COMPUTE_4" 1 4 19, C4<101>;
P_0000024c2671aa60 .param/l "S_DONE" 1 4 20, C4<110>;
P_0000024c2671aa98 .param/l "S_IDLE" 1 4 14, C4<000>;
P_0000024c2671aad0 .param/l "S_READ" 1 4 15, C4<001>;
v0000024c267291e0_0 .net "clk", 0 0, v0000024c2679eba0_0;  alias, 1 drivers
v0000024c26729000_0 .net "compute_done", 0 0, v0000024c2679c2d0_0;  alias, 1 drivers
v0000024c26728ec0_0 .net "continue_while", 0 0, v0000024c2679c410_0;  alias, 1 drivers
v0000024c26728f60_0 .var "current_state", 2 0;
v0000024c267290a0_0 .var "load_a", 0 0;
v0000024c26729460_0 .var "load_dx", 0 0;
v0000024c26728600_0 .var "load_u", 0 0;
v0000024c267286a0_0 .var "load_x", 0 0;
v0000024c26728e20_0 .var "next_state", 2 0;
v0000024c267289c0_0 .net "ready", 0 0, v0000024c2679ec40_0;  alias, 1 drivers
v0000024c26729280_0 .net "reset", 0 0, v0000024c2679fbe0_0;  alias, 1 drivers
v0000024c26728a60_0 .net "s1", 0 0, v0000024c2679e6a0_0;  alias, 1 drivers
v0000024c26728740_0 .net "s2", 0 0, v0000024c2679f780_0;  alias, 1 drivers
v0000024c26729140_0 .net "s3", 0 0, v0000024c2679ee20_0;  alias, 1 drivers
v0000024c26728ba0_0 .net "s4", 0 0, v0000024c2679f3c0_0;  alias, 1 drivers
v0000024c26728c40_0 .var "state", 2 0;
v0000024c26728ce0_0 .var "valid", 0 0;
E_0000024c2672e7b0 .event posedge, v0000024c26729280_0, v0000024c267291e0_0;
E_0000024c2672eb30 .event posedge, v0000024c267291e0_0;
E_0000024c2672e930 .event anyedge, v0000024c26728f60_0;
S_0000024c266fe540 .scope module, "dp" "datapath" 3 32, 5 1 0, S_0000024c26729fa0;
 .timescale 0 0;
    .port_info 0 /INPUT 1 "clk";
    .port_info 1 /INPUT 4 "in";
    .port_info 2 /INPUT 1 "load_x";
    .port_info 3 /INPUT 1 "load_dx";
    .port_info 4 /INPUT 1 "load_u";
    .port_info 5 /INPUT 1 "load_a";
    .port_info 6 /INPUT 1 "reset";
    .port_info 7 /INPUT 3 "state";
    .port_info 8 /OUTPUT 16 "out";
    .port_info 9 /OUTPUT 1 "compute_done";
    .port_info 10 /OUTPUT 1 "continue_while";
P_0000024c266fe6d0 .param/l "S_COMPUTE_1" 1 5 13, C4<010>;
P_0000024c266fe708 .param/l "S_COMPUTE_2" 1 5 14, C4<011>;
P_0000024c266fe740 .param/l "S_COMPUTE_3" 1 5 15, C4<100>;
P_0000024c266fe778 .param/l "S_COMPUTE_4" 1 5 16, C4<101>;
P_0000024c266fe7b0 .param/l "S_DONE" 1 5 17, C4<110>;
P_0000024c266fe7e8 .param/l "S_IDLE" 1 5 11, C4<000>;
P_0000024c266fe820 .param/l "S_READ" 1 5 12, C4<001>;
v0000024c2679df90_0 .var/s "a", 3 0;
v0000024c2679c370_0 .net "a1done", 0 0, v0000024c267287e0_0;  1 drivers
v0000024c2679def0_0 .var "add_sub_ctrl", 0 0;
v0000024c2679d450_0 .net "clk", 0 0, v0000024c2679eba0_0;  alias, 1 drivers
v0000024c2679c2d0_0 .var "compute_done", 0 0;
v0000024c2679d590_0 .var "compute_done_next", 0 0;
v0000024c2679c410_0 .var "continue_while", 0 0;
v0000024c2679d130_0 .var/s "dx", 3 0;
v0000024c2679ccd0_0 .net "in", 3 0, v0000024c2679e7e0_0;  alias, 1 drivers
v0000024c2679c190_0 .net "load_a", 0 0, v0000024c267290a0_0;  alias, 1 drivers
v0000024c2679cb90_0 .net "load_dx", 0 0, v0000024c26729460_0;  alias, 1 drivers
v0000024c2679c7d0_0 .net "load_u", 0 0, v0000024c26728600_0;  alias, 1 drivers
v0000024c2679c230_0 .net "load_x", 0 0, v0000024c267286a0_0;  alias, 1 drivers
v0000024c2679cd70_0 .net "m1done", 0 0, v0000024c26728560_0;  1 drivers
v0000024c2679c4b0_0 .net "m2done", 0 0, v0000024c2679c0f0_0;  1 drivers
v0000024c2679ceb0_0 .var/s "out", 15 0;
v0000024c2679c550_0 .var/s "r1", 7 0;
v0000024c2679db30_0 .var/s "r2", 7 0;
v0000024c2679ca50_0 .var/s "r3", 7 0;
v0000024c2679da90_0 .var/s "r4", 7 0;
v0000024c2679ce10_0 .var/s "r5", 7 0;
v0000024c2679d310_0 .var/s "r6", 7 0;
v0000024c2679c9b0_0 .net "reset", 0 0, v0000024c2679fbe0_0;  alias, 1 drivers
v0000024c2679caf0_0 .net "state", 2 0, v0000024c26728c40_0;  alias, 1 drivers
v0000024c2679d810_0 .var "t1", 15 0;
v0000024c2679d8b0_0 .var "t2", 15 0;
v0000024c2679c870_0 .var "t3", 15 0;
v0000024c2679cf50_0 .var "t4", 15 0;
v0000024c2679dbd0_0 .var "t5", 15 0;
v0000024c2679dc70_0 .var "t6", 15 0;
v0000024c2679dd10_0 .var "t7", 15 0;
v0000024c2679c690_0 .var "t8", 15 0;
v0000024c2679d4f0_0 .var "t9", 15 0;
v0000024c2679d270_0 .var/s "u", 15 0;
v0000024c2679d6d0_0 .net/s "w1", 15 0, v0000024c2679cff0_0;  1 drivers
v0000024c2679c5f0_0 .net/s "w2", 15 0, v0000024c2679de50_0;  1 drivers
v0000024c2679c730_0 .net/s "w3", 15 0, L_0000024c2679e600;  1 drivers
v0000024c2679c910_0 .var/s "x", 4 0;
v0000024c2679cc30_0 .var/s "y", 15 0;
E_0000024c2672ec70 .event anyedge, v0000024c2679cc30_0;
L_0000024c2679e920 .extend/s 16, v0000024c2679ce10_0;
L_0000024c2679fc80 .extend/s 16, v0000024c2679d310_0;
L_0000024c2679e600 .part v0000024c267293c0_0, 0, 16;
S_0000024c266f7480 .scope module, "a1" "adder_subtractor" 5 48, 6 18 0, S_0000024c266fe540;
 .timescale -9 -12;
    .port_info 0 /INPUT 16 "in1";
    .port_info 1 /INPUT 16 "in2";
    .port_info 2 /INPUT 1 "add_sub";
    .port_info 3 /OUTPUT 17 "out";
    .port_info 4 /OUTPUT 1 "done";
P_0000024c2672e1f0 .param/l "WIDTH" 0 6 19, +C4<00000000000000000000000000010000>;
v0000024c26728920_0 .net "add_sub", 0 0, v0000024c2679def0_0;  1 drivers
v0000024c267287e0_0 .var "done", 0 0;
v0000024c26729320_0 .net/s "in1", 15 0, L_0000024c2679e920;  1 drivers
v0000024c26728d80_0 .net/s "in2", 15 0, L_0000024c2679fc80;  1 drivers
v0000024c267293c0_0 .var/s "out", 16 0;
E_0000024c2672e5b0/0 .event anyedge, v0000024c26728920_0, v0000024c26729320_0, v0000024c26728d80_0, v0000024c267293c0_0;
E_0000024c2672e5b0/1 .event anyedge, v0000024c267287e0_0;
E_0000024c2672e5b0 .event/or E_0000024c2672e5b0/0, E_0000024c2672e5b0/1;
S_0000024c266f7610 .scope module, "m1" "multiplier" 5 46, 6 1 0, S_0000024c266fe540;
 .timescale -9 -12;
    .port_info 0 /INPUT 8 "in1";
    .port_info 1 /INPUT 8 "in2";
    .port_info 2 /OUTPUT 16 "out";
    .port_info 3 /OUTPUT 1 "done";
P_0000024c2672e870 .param/l "IN_WIDTH" 0 6 2, +C4<00000000000000000000000000001000>;
v0000024c26728560_0 .var "done", 0 0;
v0000024c26728880_0 .net/s "in1", 7 0, v0000024c2679c550_0;  1 drivers
v0000024c2679ddb0_0 .net/s "in2", 7 0, v0000024c2679db30_0;  1 drivers
v0000024c2679cff0_0 .var/s "out", 15 0;
E_0000024c2672ecb0 .event anyedge, v0000024c26728880_0, v0000024c2679ddb0_0;
S_0000024c266d6c10 .scope module, "m2" "multiplier" 5 47, 6 1 0, S_0000024c266fe540;
 .timescale -9 -12;
    .port_info 0 /INPUT 8 "in1";
    .port_info 1 /INPUT 8 "in2";
    .port_info 2 /OUTPUT 16 "out";
    .port_info 3 /OUTPUT 1 "done";
P_0000024c2672ed30 .param/l "IN_WIDTH" 0 6 2, +C4<00000000000000000000000000001000>;
v0000024c2679c0f0_0 .var "done", 0 0;
v0000024c2679d770_0 .net/s "in1", 7 0, v0000024c2679ca50_0;  1 drivers
v0000024c2679d630_0 .net/s "in2", 7 0, v0000024c2679da90_0;  1 drivers
v0000024c2679de50_0 .var/s "out", 15 0;
E_0000024c2672e570 .event anyedge, v0000024c2679d770_0, v0000024c2679d630_0;
    .scope S_0000024c2672a130;
T_0 ;
    %wait E_0000024c2672e7b0;
    %load/vec4 v0000024c26729280_0;
    %flag_set/vec4 8;
    %jmp/0xz  T_0.0, 8;
    %vpi_call 4 26 "$display", "Time: %0t | STATE: IDLE (Reset Activated)", $time {0 0 0};
    %pushi/vec4 0, 0, 3;
    %assign/vec4 v0000024c26728f60_0, 0;
    %jmp T_0.1;
T_0.0 ;
    %load/vec4 v0000024c26728e20_0;
    %assign/vec4 v0000024c26728f60_0, 0;
T_0.1 ;
    %jmp T_0;
    .thread T_0;
    .scope S_0000024c2672a130;
T_1 ;
    %wait E_0000024c2672e930;
    %load/vec4 v0000024c26728f60_0;
    %store/vec4 v0000024c26728c40_0, 0, 3;
    %jmp T_1;
    .thread T_1, $push;
    .scope S_0000024c2672a130;
T_2 ;
    %wait E_0000024c2672eb30;
    %load/vec4 v0000024c26728f60_0;
    %store/vec4 v0000024c26728e20_0, 0, 3;
    %load/vec4 v0000024c26728f60_0;
    %dup/vec4;
    %pushi/vec4 0, 0, 3;
    %cmp/u;
    %jmp/1 T_2.0, 6;
    %dup/vec4;
    %pushi/vec4 1, 0, 3;
    %cmp/u;
    %jmp/1 T_2.1, 6;
    %dup/vec4;
    %pushi/vec4 2, 0, 3;
    %cmp/u;
    %jmp/1 T_2.2, 6;
    %dup/vec4;
    %pushi/vec4 3, 0, 3;
    %cmp/u;
    %jmp/1 T_2.3, 6;
    %dup/vec4;
    %pushi/vec4 4, 0, 3;
    %cmp/u;
    %jmp/1 T_2.4, 6;
    %dup/vec4;
    %pushi/vec4 5, 0, 3;
    %cmp/u;
    %jmp/1 T_2.5, 6;
    %dup/vec4;
    %pushi/vec4 6, 0, 3;
    %cmp/u;
    %jmp/1 T_2.6, 6;
    %jmp T_2.7;
T_2.0 ;
    %vpi_call 4 43 "$display", "Time: %0t | STATE: READ (Waiting for inputs...)", $time {0 0 0};
    %pushi/vec4 1, 0, 3;
    %store/vec4 v0000024c26728e20_0, 0, 3;
    %jmp T_2.7;
T_2.1 ;
    %vpi_call 4 49 "$display", "Time: %0t | STATE: READ (reading started)", $time {0 0 0};
    %load/vec4 v0000024c267289c0_0;
    %flag_set/vec4 8;
    %jmp/0xz  T_2.8, 8;
    %pushi/vec4 2, 0, 3;
    %store/vec4 v0000024c26728e20_0, 0, 3;
    %vpi_call 4 52 "$display", "Time: %0t | STATE: LOAD (Ready signal received)", $time {0 0 0};
T_2.8 ;
    %jmp T_2.7;
T_2.2 ;
    %vpi_call 4 58 "$display", "Time: %0t | STATE: COMPUTE_1 (Processing..)", $time {0 0 0};
    %load/vec4 v0000024c26729000_0;
    %flag_set/vec4 8;
    %jmp/0xz  T_2.10, 8;
    %pushi/vec4 3, 0, 3;
    %store/vec4 v0000024c26728e20_0, 0, 3;
    %vpi_call 4 61 "$display", "Time: %0t | STATE: COMPUTE_1 (completed)", $time {0 0 0};
T_2.10 ;
    %jmp T_2.7;
T_2.3 ;
    %vpi_call 4 66 "$display", "Time: %0t | STATE: COMPUTE_2 (Processing...)", $time {0 0 0};
    %load/vec4 v0000024c26729000_0;
    %flag_set/vec4 8;
    %jmp/0xz  T_2.12, 8;
    %pushi/vec4 4, 0, 3;
    %store/vec4 v0000024c26728e20_0, 0, 3;
    %vpi_call 4 69 "$display", "Time: %0t | STATE: COMPUTE_2 finished (completed)", $time {0 0 0};
T_2.12 ;
    %jmp T_2.7;
T_2.4 ;
    %vpi_call 4 74 "$display", "Time: %0t | STATE: COMPUTE_3 (Processing...)", $time {0 0 0};
    %load/vec4 v0000024c26729000_0;
    %flag_set/vec4 8;
    %jmp/0xz  T_2.14, 8;
    %pushi/vec4 5, 0, 3;
    %store/vec4 v0000024c26728e20_0, 0, 3;
    %vpi_call 4 77 "$display", "Time: %0t | STATE: COMPUTE_3 (completed)", $time {0 0 0};
T_2.14 ;
    %jmp T_2.7;
T_2.5 ;
    %vpi_call 4 82 "$display", "Time: %0t | STATE: COMPUTE_4 (Processing...)", $time {0 0 0};
    %load/vec4 v0000024c26728ec0_0;
    %pad/u 32;
    %cmpi/e 0, 0, 32;
    %jmp/0xz  T_2.16, 4;
    %pushi/vec4 6, 0, 3;
    %store/vec4 v0000024c26728e20_0, 0, 3;
    %vpi_call 4 85 "$display", "Time: %0t | STATE: COMPUTE_4 (completed)", $time {0 0 0};
    %jmp T_2.17;
T_2.16 ;
    %load/vec4 v0000024c26728ec0_0;
    %pad/u 32;
    %cmpi/e 1, 0, 32;
    %flag_get/vec4 4;
    %jmp/0 T_2.20, 4;
    %load/vec4 v0000024c26729000_0;
    %pushi/vec4 1, 0, 1;
    %cmp/e;
    %flag_get/vec4 4;
    %and;
T_2.20;
    %flag_set/vec4 8;
    %jmp/0xz  T_2.18, 8;
    %pushi/vec4 2, 0, 3;
    %store/vec4 v0000024c26728e20_0, 0, 3;
    %jmp T_2.19;
T_2.18 ;
    %pushi/vec4 6, 0, 3;
    %store/vec4 v0000024c26728e20_0, 0, 3;
T_2.19 ;
T_2.17 ;
    %jmp T_2.7;
T_2.6 ;
    %pushi/vec4 6, 0, 3;
    %store/vec4 v0000024c26728e20_0, 0, 3;
    %vpi_call 4 97 "$display", "Time: %0t | STATE: DONE (Computation finished)", $time {0 0 0};
    %jmp T_2.7;
T_2.7 ;
    %pop/vec4 1;
    %jmp T_2;
    .thread T_2;
    .scope S_0000024c2672a130;
T_3 ;
    %wait E_0000024c2672e7b0;
    %load/vec4 v0000024c26728f60_0;
    %cmpi/e 1, 0, 3;
    %jmp/0xz  T_3.0, 4;
    %load/vec4 v0000024c26729280_0;
    %flag_set/vec4 8;
    %jmp/0xz  T_3.2, 8;
    %pushi/vec4 0, 0, 1;
    %assign/vec4 v0000024c267286a0_0, 0;
    %pushi/vec4 0, 0, 1;
    %assign/vec4 v0000024c26729460_0, 0;
    %pushi/vec4 0, 0, 1;
    %assign/vec4 v0000024c26728600_0, 0;
    %pushi/vec4 0, 0, 1;
    %assign/vec4 v0000024c267290a0_0, 0;
    %pushi/vec4 0, 0, 1;
    %assign/vec4 v0000024c26728ce0_0, 0;
    %jmp T_3.3;
T_3.2 ;
    %load/vec4 v0000024c26728a60_0;
    %flag_set/vec4 8;
    %jmp/0xz  T_3.4, 8;
    %pushi/vec4 1, 0, 1;
    %assign/vec4 v0000024c267286a0_0, 0;
    %pushi/vec4 0, 0, 1;
    %assign/vec4 v0000024c26729460_0, 0;
    %pushi/vec4 0, 0, 1;
    %assign/vec4 v0000024c26728600_0, 0;
    %pushi/vec4 0, 0, 1;
    %assign/vec4 v0000024c267290a0_0, 0;
    %jmp T_3.5;
T_3.4 ;
    %load/vec4 v0000024c26728740_0;
    %flag_set/vec4 8;
    %jmp/0xz  T_3.6, 8;
    %pushi/vec4 1, 0, 1;
    %assign/vec4 v0000024c26729460_0, 0;
    %pushi/vec4 0, 0, 1;
    %assign/vec4 v0000024c267286a0_0, 0;
    %pushi/vec4 0, 0, 1;
    %assign/vec4 v0000024c26728600_0, 0;
    %pushi/vec4 0, 0, 1;
    %assign/vec4 v0000024c267290a0_0, 0;
    %jmp T_3.7;
T_3.6 ;
    %load/vec4 v0000024c26729140_0;
    %flag_set/vec4 8;
    %jmp/0xz  T_3.8, 8;
    %pushi/vec4 1, 0, 1;
    %assign/vec4 v0000024c267290a0_0, 0;
    %pushi/vec4 0, 0, 1;
    %assign/vec4 v0000024c26729460_0, 0;
    %pushi/vec4 0, 0, 1;
    %assign/vec4 v0000024c267286a0_0, 0;
    %pushi/vec4 0, 0, 1;
    %assign/vec4 v0000024c26728600_0, 0;
    %jmp T_3.9;
T_3.8 ;
    %load/vec4 v0000024c26728ba0_0;
    %flag_set/vec4 8;
    %jmp/0xz  T_3.10, 8;
    %pushi/vec4 1, 0, 1;
    %assign/vec4 v0000024c26728600_0, 0;
    %pushi/vec4 0, 0, 1;
    %assign/vec4 v0000024c26729460_0, 0;
    %pushi/vec4 0, 0, 1;
    %assign/vec4 v0000024c267286a0_0, 0;
    %pushi/vec4 0, 0, 1;
    %assign/vec4 v0000024c267290a0_0, 0;
    %jmp T_3.11;
T_3.10 ;
    %pushi/vec4 0, 0, 1;
    %store/vec4 v0000024c267286a0_0, 0, 1;
    %pushi/vec4 0, 0, 1;
    %store/vec4 v0000024c26729460_0, 0, 1;
    %pushi/vec4 0, 0, 1;
    %store/vec4 v0000024c26728600_0, 0, 1;
    %pushi/vec4 0, 0, 1;
    %store/vec4 v0000024c267290a0_0, 0, 1;
T_3.11 ;
T_3.9 ;
T_3.7 ;
T_3.5 ;
T_3.3 ;
T_3.0 ;
    %load/vec4 v0000024c26728f60_0;
    %cmpi/e 6, 0, 3;
    %jmp/0xz  T_3.12, 4;
    %pushi/vec4 1, 0, 1;
    %store/vec4 v0000024c26728ce0_0, 0, 1;
    %jmp T_3.13;
T_3.12 ;
    %pushi/vec4 0, 0, 1;
    %store/vec4 v0000024c26728ce0_0, 0, 1;
T_3.13 ;
    %jmp T_3;
    .thread T_3;
    .scope S_0000024c266f7610;
T_4 ;
    %wait E_0000024c2672ecb0;
    %pushi/vec4 0, 0, 1;
    %store/vec4 v0000024c26728560_0, 0, 1;
    %load/vec4 v0000024c26728880_0;
    %pad/s 16;
    %load/vec4 v0000024c2679ddb0_0;
    %pad/s 16;
    %mul;
    %store/vec4 v0000024c2679cff0_0, 0, 16;
    %pushi/vec4 1, 0, 1;
    %store/vec4 v0000024c26728560_0, 0, 1;
    %jmp T_4;
    .thread T_4, $push;
    .scope S_0000024c266d6c10;
T_5 ;
    %wait E_0000024c2672e570;
    %pushi/vec4 0, 0, 1;
    %store/vec4 v0000024c2679c0f0_0, 0, 1;
    %load/vec4 v0000024c2679d770_0;
    %pad/s 16;
    %load/vec4 v0000024c2679d630_0;
    %pad/s 16;
    %mul;
    %store/vec4 v0000024c2679de50_0, 0, 16;
    %pushi/vec4 1, 0, 1;
    %store/vec4 v0000024c2679c0f0_0, 0, 1;
    %jmp T_5;
    .thread T_5, $push;
    .scope S_0000024c266f7480;
T_6 ;
    %wait E_0000024c2672e5b0;
    %pushi/vec4 0, 0, 1;
    %store/vec4 v0000024c267287e0_0, 0, 1;
    %load/vec4 v0000024c26728920_0;
    %flag_set/vec4 8;
    %jmp/0xz  T_6.0, 8;
    %load/vec4 v0000024c26729320_0;
    %pad/s 17;
    %load/vec4 v0000024c26728d80_0;
    %pad/s 17;
    %sub;
    %store/vec4 v0000024c267293c0_0, 0, 17;
    %jmp T_6.1;
T_6.0 ;
    %load/vec4 v0000024c26729320_0;
    %pad/s 17;
    %load/vec4 v0000024c26728d80_0;
    %pad/s 17;
    %add;
    %store/vec4 v0000024c267293c0_0, 0, 17;
T_6.1 ;
    %pushi/vec4 1, 0, 1;
    %store/vec4 v0000024c267287e0_0, 0, 1;
    %vpi_call 6 38 "$display", "Time: %0t | ADDER_SUBTRACTOR: Computation done -> out = %d, in1 -> %d, in2 -> %d done = %b", $time, v0000024c267293c0_0, v0000024c26729320_0, v0000024c26728d80_0, v0000024c267287e0_0 {0 0 0};
    %jmp T_6;
    .thread T_6, $push;
    .scope S_0000024c266fe540;
T_7 ;
    %wait E_0000024c2672e7b0;
    %load/vec4 v0000024c2679c9b0_0;
    %flag_set/vec4 8;
    %jmp/0xz  T_7.0, 8;
    %pushi/vec4 0, 0, 5;
    %assign/vec4 v0000024c2679c910_0, 0;
    %pushi/vec4 0, 0, 4;
    %assign/vec4 v0000024c2679d130_0, 0;
    %pushi/vec4 0, 0, 16;
    %assign/vec4 v0000024c2679d270_0, 0;
    %pushi/vec4 0, 0, 4;
    %assign/vec4 v0000024c2679df90_0, 0;
    %pushi/vec4 0, 0, 16;
    %assign/vec4 v0000024c2679cc30_0, 0;
    %pushi/vec4 0, 0, 16;
    %assign/vec4 v0000024c2679d810_0, 0;
    %pushi/vec4 0, 0, 16;
    %assign/vec4 v0000024c2679d8b0_0, 0;
    %pushi/vec4 0, 0, 16;
    %assign/vec4 v0000024c2679c870_0, 0;
    %pushi/vec4 0, 0, 16;
    %assign/vec4 v0000024c2679cf50_0, 0;
    %pushi/vec4 0, 0, 16;
    %assign/vec4 v0000024c2679dbd0_0, 0;
    %pushi/vec4 0, 0, 16;
    %assign/vec4 v0000024c2679dc70_0, 0;
    %pushi/vec4 0, 0, 16;
    %assign/vec4 v0000024c2679dd10_0, 0;
    %pushi/vec4 0, 0, 16;
    %assign/vec4 v0000024c2679c690_0, 0;
    %pushi/vec4 0, 0, 16;
    %assign/vec4 v0000024c2679d4f0_0, 0;
    %pushi/vec4 0, 0, 16;
    %assign/vec4 v0000024c2679ceb0_0, 0;
    %pushi/vec4 0, 0, 1;
    %assign/vec4 v0000024c2679c2d0_0, 0;
    %pushi/vec4 0, 0, 1;
    %assign/vec4 v0000024c2679d590_0, 0;
    %pushi/vec4 0, 0, 1;
    %assign/vec4 v0000024c2679c410_0, 0;
    %vpi_call 5 59 "$display", "Time: %0t | RESET ACTIVATED: Registers cleared", $time {0 0 0};
    %jmp T_7.1;
T_7.0 ;
    %load/vec4 v0000024c2679d590_0;
    %assign/vec4 v0000024c2679c2d0_0, 0;
    %pushi/vec4 0, 0, 1;
    %assign/vec4 v0000024c2679d590_0, 0;
    %load/vec4 v0000024c2679c230_0;
    %flag_set/vec4 8;
    %jmp/0xz  T_7.2, 8;
    %load/vec4 v0000024c2679ccd0_0;
    %pad/u 5;
    %assign/vec4 v0000024c2679c910_0, 0;
    %vpi_call 5 67 "$display", "Time: %0t | INPUT: X loaded with value %d", $time, v0000024c2679ccd0_0 {0 0 0};
    %jmp T_7.3;
T_7.2 ;
    %load/vec4 v0000024c2679cb90_0;
    %flag_set/vec4 8;
    %jmp/0xz  T_7.4, 8;
    %load/vec4 v0000024c2679ccd0_0;
    %assign/vec4 v0000024c2679d130_0, 0;
    %vpi_call 5 70 "$display", "Time: %0t | INPUT: DX loaded with value %d", $time, v0000024c2679ccd0_0 {0 0 0};
    %jmp T_7.5;
T_7.4 ;
    %load/vec4 v0000024c2679c190_0;
    %flag_set/vec4 8;
    %jmp/0xz  T_7.6, 8;
    %load/vec4 v0000024c2679ccd0_0;
    %assign/vec4 v0000024c2679df90_0, 0;
    %vpi_call 5 73 "$display", "Time: %0t | INPUT: A loaded with value %d", $time, v0000024c2679ccd0_0 {0 0 0};
    %jmp T_7.7;
T_7.6 ;
    %load/vec4 v0000024c2679c7d0_0;
    %flag_set/vec4 8;
    %jmp/0xz  T_7.8, 8;
    %load/vec4 v0000024c2679ccd0_0;
    %pad/u 16;
    %assign/vec4 v0000024c2679d270_0, 0;
    %vpi_call 5 76 "$display", "Time: %0t | INPUT: U loaded with value %d", $time, v0000024c2679ccd0_0 {0 0 0};
T_7.8 ;
T_7.7 ;
T_7.5 ;
T_7.3 ;
T_7.1 ;
    %jmp T_7;
    .thread T_7;
    .scope S_0000024c266fe540;
T_8 ;
    %wait E_0000024c2672eb30;
    %pushi/vec4 0, 0, 1;
    %assign/vec4 v0000024c2679c410_0, 0;
    %load/vec4 v0000024c2679cc30_0;
    %assign/vec4 v0000024c2679ceb0_0, 0;
    %load/vec4 v0000024c2679c2d0_0;
    %cmpi/e 1, 0, 1;
    %jmp/0xz  T_8.0, 4;
    %vpi_call 5 85 "$display", "Time: %0t | STATE: %b t1(3dx) = %d | t2(ux)=%d | t3(x+dx) = %d | t4(udx)= %d | t5(ux-y) = %d | t6(3dx(ux-y)) = %d | t7(y+udx)=%d | t8(u-3dx(ux-y))=%d| cd = %b", $time, v0000024c2679caf0_0, v0000024c2679d810_0, v0000024c2679d8b0_0, v0000024c2679c870_0, v0000024c2679cf50_0, v0000024c2679dbd0_0, v0000024c2679dc70_0, v0000024c2679dd10_0, v0000024c2679c690_0, v0000024c2679c2d0_0 {0 0 0};
T_8.0 ;
    %load/vec4 v0000024c2679caf0_0;
    %dup/vec4;
    %pushi/vec4 2, 0, 3;
    %cmp/u;
    %jmp/1 T_8.2, 6;
    %dup/vec4;
    %pushi/vec4 3, 0, 3;
    %cmp/u;
    %jmp/1 T_8.3, 6;
    %dup/vec4;
    %pushi/vec4 4, 0, 3;
    %cmp/u;
    %jmp/1 T_8.4, 6;
    %dup/vec4;
    %pushi/vec4 5, 0, 3;
    %cmp/u;
    %jmp/1 T_8.5, 6;
    %dup/vec4;
    %pushi/vec4 6, 0, 3;
    %cmp/u;
    %jmp/1 T_8.6, 6;
    %vpi_call 5 216 "$display", "y is : %d ", v0000024c2679cc30_0 {0 0 0};
    %jmp T_8.8;
T_8.2 ;
    %vpi_call 5 89 "$display", "Time: %0t | STATE: COMPUTE_1 (Performing computations)", $time {0 0 0};
    %load/vec4 v0000024c2679d130_0;
    %pad/s 8;
    %store/vec4 v0000024c2679c550_0, 0, 8;
    %pushi/vec4 3, 0, 8;
    %store/vec4 v0000024c2679db30_0, 0, 8;
    %load/vec4 v0000024c2679d6d0_0;
    %store/vec4 v0000024c2679d810_0, 0, 16;
    %load/vec4 v0000024c2679d270_0;
    %pad/s 8;
    %store/vec4 v0000024c2679ca50_0, 0, 8;
    %load/vec4 v0000024c2679c910_0;
    %pad/s 8;
    %store/vec4 v0000024c2679da90_0, 0, 8;
    %load/vec4 v0000024c2679c5f0_0;
    %store/vec4 v0000024c2679d8b0_0, 0, 16;
    %pushi/vec4 0, 0, 1;
    %store/vec4 v0000024c2679def0_0, 0, 1;
    %load/vec4 v0000024c2679c910_0;
    %pad/s 8;
    %store/vec4 v0000024c2679ce10_0, 0, 8;
    %load/vec4 v0000024c2679d130_0;
    %pad/s 8;
    %store/vec4 v0000024c2679d310_0, 0, 8;
    %load/vec4 v0000024c2679c730_0;
    %store/vec4 v0000024c2679c870_0, 0, 16;
    %vpi_call 5 111 "$display", "Time: %0t | COMPUTATION: 3dx: %d, ux: %d,x+dx = %d", $time, v0000024c2679d810_0, v0000024c2679d8b0_0, v0000024c2679c870_0 {0 0 0};
    %load/vec4 v0000024c2679c2d0_0;
    %pad/u 32;
    %cmpi/e 0, 0, 32;
    %flag_get/vec4 4;
    %jmp/0 T_8.11, 4;
    %load/vec4 v0000024c2679d590_0;
    %pad/u 32;
    %pushi/vec4 0, 0, 32;
    %cmp/e;
    %flag_get/vec4 4;
    %and;
T_8.11;
    %flag_set/vec4 8;
    %jmp/0xz  T_8.9, 8;
    %pushi/vec4 1, 0, 1;
    %store/vec4 v0000024c2679d590_0, 0, 1;
    %load/vec4 v0000024c2679c730_0;
    %store/vec4 v0000024c2679c870_0, 0, 16;
    %load/vec4 v0000024c2679c5f0_0;
    %store/vec4 v0000024c2679d8b0_0, 0, 16;
    %vpi_call 5 116 "$display", "Time: %0t | COMPUTATION: 3dx: %d, ux: %d,x+dx = %d | Finished for c1", $time, v0000024c2679d810_0, v0000024c2679d8b0_0, v0000024c2679c870_0 {0 0 0};
T_8.9 ;
    %jmp T_8.8;
T_8.3 ;
    %load/vec4 v0000024c2679d270_0;
    %pad/s 8;
    %store/vec4 v0000024c2679c550_0, 0, 8;
    %load/vec4 v0000024c2679d130_0;
    %pad/s 8;
    %store/vec4 v0000024c2679db30_0, 0, 8;
    %load/vec4 v0000024c2679d6d0_0;
    %store/vec4 v0000024c2679cf50_0, 0, 16;
    %pushi/vec4 1, 0, 1;
    %store/vec4 v0000024c2679def0_0, 0, 1;
    %load/vec4 v0000024c2679d8b0_0;
    %pad/u 8;
    %store/vec4 v0000024c2679ce10_0, 0, 8;
    %load/vec4 v0000024c2679cc30_0;
    %pad/s 8;
    %store/vec4 v0000024c2679d310_0, 0, 8;
    %load/vec4 v0000024c2679c730_0;
    %store/vec4 v0000024c2679dbd0_0, 0, 16;
    %vpi_call 5 136 "$display", "Time: %0t | COMPUTATION: udx: %d, ux-y: %d ", $time, v0000024c2679cf50_0, v0000024c2679dbd0_0 {0 0 0};
    %pushi/vec4 1, 0, 1;
    %store/vec4 v0000024c2679d590_0, 0, 1;
    %load/vec4 v0000024c2679c2d0_0;
    %pad/u 32;
    %cmpi/e 0, 0, 32;
    %flag_get/vec4 4;
    %jmp/0 T_8.14, 4;
    %load/vec4 v0000024c2679d590_0;
    %pad/u 32;
    %pushi/vec4 0, 0, 32;
    %cmp/e;
    %flag_get/vec4 4;
    %and;
T_8.14;
    %flag_set/vec4 8;
    %jmp/0xz  T_8.12, 8;
    %load/vec4 v0000024c2679c730_0;
    %store/vec4 v0000024c2679dbd0_0, 0, 16;
    %load/vec4 v0000024c2679d6d0_0;
    %store/vec4 v0000024c2679cf50_0, 0, 16;
    %vpi_call 5 142 "$display", "Time: %0t | COMPUTATION: udx: %d, ux-y: %d | Finished for c2", $time, v0000024c2679cf50_0, v0000024c2679dbd0_0 {0 0 0};
T_8.12 ;
    %jmp T_8.8;
T_8.4 ;
    %vpi_call 5 149 "$display", "Time: %0t | STATE: COMPUTE_3 (Performing computations)", $time {0 0 0};
    %load/vec4 v0000024c2679d810_0;
    %pad/u 8;
    %store/vec4 v0000024c2679c550_0, 0, 8;
    %load/vec4 v0000024c2679dbd0_0;
    %pad/u 8;
    %store/vec4 v0000024c2679db30_0, 0, 8;
    %load/vec4 v0000024c2679d6d0_0;
    %store/vec4 v0000024c2679dc70_0, 0, 16;
    %vpi_call 5 154 "$display", "Time: %0t | COMPUTATION: 3dx(ux - y) = %d", $time, v0000024c2679dc70_0 {0 0 0};
    %pushi/vec4 0, 0, 1;
    %store/vec4 v0000024c2679def0_0, 0, 1;
    %load/vec4 v0000024c2679cc30_0;
    %pad/s 8;
    %store/vec4 v0000024c2679ce10_0, 0, 8;
    %load/vec4 v0000024c2679cf50_0;
    %pad/u 8;
    %store/vec4 v0000024c2679d310_0, 0, 8;
    %load/vec4 v0000024c2679c730_0;
    %store/vec4 v0000024c2679dd10_0, 0, 16;
    %vpi_call 5 161 "$display", "Time: %0t | COMPUTATION: y + udx = %d", $time, v0000024c2679dd10_0 {0 0 0};
    %load/vec4 v0000024c2679c2d0_0;
    %pad/u 32;
    %cmpi/e 0, 0, 32;
    %flag_get/vec4 4;
    %jmp/0 T_8.17, 4;
    %load/vec4 v0000024c2679d590_0;
    %pad/u 32;
    %pushi/vec4 0, 0, 32;
    %cmp/e;
    %flag_get/vec4 4;
    %and;
T_8.17;
    %flag_set/vec4 8;
    %jmp/0xz  T_8.15, 8;
    %pushi/vec4 1, 0, 1;
    %store/vec4 v0000024c2679d590_0, 0, 1;
    %load/vec4 v0000024c2679c730_0;
    %store/vec4 v0000024c2679dbd0_0, 0, 16;
    %load/vec4 v0000024c2679d6d0_0;
    %store/vec4 v0000024c2679cf50_0, 0, 16;
    %vpi_call 5 171 "$display", "Time: %0t | COMPUTATION: udx: %d, ux-y: %d | Finished for c2", $time, v0000024c2679cf50_0, v0000024c2679dbd0_0 {0 0 0};
T_8.15 ;
    %jmp T_8.8;
T_8.5 ;
    %vpi_call 5 176 "$display", "Time: %0t | STATE: COMPUTE_4 (Performing computations)", $time {0 0 0};
    %pushi/vec4 1, 0, 1;
    %store/vec4 v0000024c2679def0_0, 0, 1;
    %load/vec4 v0000024c2679d270_0;
    %pad/s 8;
    %store/vec4 v0000024c2679ce10_0, 0, 8;
    %load/vec4 v0000024c2679dc70_0;
    %pad/u 8;
    %store/vec4 v0000024c2679d310_0, 0, 8;
    %load/vec4 v0000024c2679c730_0;
    %store/vec4 v0000024c2679c690_0, 0, 16;
    %vpi_call 5 182 "$display", "Time: %0t | COMPUTATION: u - 3dx(ux - y) = %d", $time, v0000024c2679c690_0 {0 0 0};
    %load/vec4 v0000024c2679c870_0;
    %pad/u 5;
    %store/vec4 v0000024c2679c910_0, 0, 5;
    %load/vec4 v0000024c2679dd10_0;
    %store/vec4 v0000024c2679cc30_0, 0, 16;
    %load/vec4 v0000024c2679c690_0;
    %store/vec4 v0000024c2679d270_0, 0, 16;
    %load/vec4 v0000024c2679c2d0_0;
    %pad/u 32;
    %cmpi/e 0, 0, 32;
    %flag_get/vec4 4;
    %jmp/0 T_8.20, 4;
    %load/vec4 v0000024c2679d590_0;
    %pad/u 32;
    %pushi/vec4 0, 0, 32;
    %cmp/e;
    %flag_get/vec4 4;
    %and;
T_8.20;
    %flag_set/vec4 8;
    %jmp/0xz  T_8.18, 8;
    %pushi/vec4 1, 0, 1;
    %store/vec4 v0000024c2679d590_0, 0, 1;
    %load/vec4 v0000024c2679c730_0;
    %store/vec4 v0000024c2679c690_0, 0, 16;
    %load/vec4 v0000024c2679c870_0;
    %pad/u 5;
    %store/vec4 v0000024c2679c910_0, 0, 5;
    %load/vec4 v0000024c2679dd10_0;
    %store/vec4 v0000024c2679cc30_0, 0, 16;
    %load/vec4 v0000024c2679c690_0;
    %store/vec4 v0000024c2679d270_0, 0, 16;
    %load/vec4 v0000024c2679d6d0_0;
    %store/vec4 v0000024c2679cf50_0, 0, 16;
    %vpi_call 5 196 "$display", "Time: %0t | COMPUTATION: udx: %d, ux-y: %d | Finished for c2", $time, v0000024c2679cf50_0, v0000024c2679dbd0_0 {0 0 0};
T_8.18 ;
    %load/vec4 v0000024c2679c910_0;
    %load/vec4 v0000024c2679df90_0;
    %pad/s 5;
    %cmp/s;
    %jmp/0xz  T_8.21, 5;
    %pushi/vec4 1, 0, 1;
    %store/vec4 v0000024c2679c410_0, 0, 1;
    %vpi_call 5 200 "$display", "Time: %0t | LOOP CONDITION: x (%d) < a (%d), continuing...", $time, v0000024c2679c910_0, v0000024c2679df90_0 {0 0 0};
    %jmp T_8.22;
T_8.21 ;
    %pushi/vec4 0, 0, 1;
    %store/vec4 v0000024c2679c410_0, 0, 1;
    %vpi_call 5 206 "$display", "Time: %0t | LOOP CONDITION: x (%d) >= a (%d), stopping...", $time, v0000024c2679c910_0, v0000024c2679df90_0 {0 0 0};
T_8.22 ;
    %jmp T_8.8;
T_8.6 ;
    %pushi/vec4 1, 0, 1;
    %store/vec4 v0000024c2679d590_0, 0, 1;
    %vpi_call 5 212 "$display", "Time: %0t | STATE: DONE", $time {0 0 0};
    %jmp T_8.8;
T_8.8 ;
    %pop/vec4 1;
    %jmp T_8;
    .thread T_8;
    .scope S_0000024c266fe540;
T_9 ;
    %wait E_0000024c2672ec70;
    %vpi_call 5 223 "$display", "y is : %d ", v0000024c2679cc30_0 {0 0 0};
    %load/vec4 v0000024c2679cc30_0;
    %store/vec4 v0000024c2679ceb0_0, 0, 16;
    %jmp T_9;
    .thread T_9, $push;
    .scope S_0000024c2670fad0;
T_10 ;
    %delay 5000, 0;
    %load/vec4 v0000024c2679eba0_0;
    %inv;
    %store/vec4 v0000024c2679eba0_0, 0, 1;
    %jmp T_10;
    .thread T_10;
    .scope S_0000024c2670fad0;
T_11 ;
    %vpi_call 2 28 "$monitor", "Time: %0t | clk: %b | reset: %b | ready: %b | s1: %b | s2: %b | s3: %b | s4: %b | in: %b | out: %d | valid: %b", $time, v0000024c2679eba0_0, v0000024c2679fbe0_0, v0000024c2679ec40_0, v0000024c2679e6a0_0, v0000024c2679f780_0, v0000024c2679ee20_0, v0000024c2679f3c0_0, v0000024c2679e7e0_0, v0000024c2679eb00_0, v0000024c2679f5a0_0 {0 0 0};
    %pushi/vec4 0, 0, 1;
    %store/vec4 v0000024c2679eba0_0, 0, 1;
    %pushi/vec4 1, 0, 1;
    %store/vec4 v0000024c2679fbe0_0, 0, 1;
    %pushi/vec4 0, 0, 1;
    %store/vec4 v0000024c2679ec40_0, 0, 1;
    %pushi/vec4 0, 0, 1;
    %store/vec4 v0000024c2679e6a0_0, 0, 1;
    %pushi/vec4 0, 0, 1;
    %store/vec4 v0000024c2679f780_0, 0, 1;
    %pushi/vec4 0, 0, 1;
    %store/vec4 v0000024c2679ee20_0, 0, 1;
    %pushi/vec4 0, 0, 1;
    %store/vec4 v0000024c2679f3c0_0, 0, 1;
    %pushi/vec4 0, 0, 4;
    %store/vec4 v0000024c2679e7e0_0, 0, 4;
    %delay 10000, 0;
    %pushi/vec4 0, 0, 1;
    %store/vec4 v0000024c2679fbe0_0, 0, 1;
    %delay 10000, 0;
    %pushi/vec4 1, 0, 1;
    %store/vec4 v0000024c2679fbe0_0, 0, 1;
    %delay 10000, 0;
    %pushi/vec4 0, 0, 1;
    %store/vec4 v0000024c2679fbe0_0, 0, 1;
    %delay 10000, 0;
    %pushi/vec4 3, 0, 4;
    %store/vec4 v0000024c2679e7e0_0, 0, 4;
    %pushi/vec4 1, 0, 1;
    %store/vec4 v0000024c2679e6a0_0, 0, 1;
    %delay 20000, 0;
    %pushi/vec4 0, 0, 1;
    %store/vec4 v0000024c2679e6a0_0, 0, 1;
    %delay 10000, 0;
    %pushi/vec4 1, 0, 1;
    %store/vec4 v0000024c2679f780_0, 0, 1;
    %delay 10000, 0;
    %pushi/vec4 1, 0, 4;
    %store/vec4 v0000024c2679e7e0_0, 0, 4;
    %delay 10000, 0;
    %pushi/vec4 0, 0, 1;
    %store/vec4 v0000024c2679f780_0, 0, 1;
    %delay 10000, 0;
    %pushi/vec4 1, 0, 1;
    %store/vec4 v0000024c2679ee20_0, 0, 1;
    %delay 10000, 0;
    %pushi/vec4 7, 0, 4;
    %store/vec4 v0000024c2679e7e0_0, 0, 4;
    %delay 10000, 0;
    %pushi/vec4 0, 0, 1;
    %store/vec4 v0000024c2679ee20_0, 0, 1;
    %delay 10000, 0;
    %pushi/vec4 1, 0, 1;
    %store/vec4 v0000024c2679f3c0_0, 0, 1;
    %delay 10000, 0;
    %pushi/vec4 9, 0, 4;
    %store/vec4 v0000024c2679e7e0_0, 0, 4;
    %delay 10000, 0;
    %pushi/vec4 0, 0, 1;
    %store/vec4 v0000024c2679f3c0_0, 0, 1;
    %delay 10000, 0;
    %pushi/vec4 1, 0, 1;
    %store/vec4 v0000024c2679ec40_0, 0, 1;
    %vpi_call 2 60 "$display", "Computation started" {0 0 0};
T_11.0 ;
    %load/vec4 v0000024c2679f5a0_0;
    %cmpi/ne 1, 0, 1;
    %jmp/0xz T_11.1, 6;
    %wait E_0000024c2672eaf0;
    %jmp T_11.0;
T_11.1 ;
    %delay 10000, 0;
    %vpi_call 2 66 "$display", "Computation finished. Output: %d", v0000024c2679eb00_0 {0 0 0};
    %delay 20000, 0;
    %vpi_call 2 69 "$finish" {0 0 0};
    %end;
    .thread T_11;
# The file index is used to find the file name in the following table.
:file_names 7;
    "N/A";
    "<interactive>";
    ".\dtb.vl";
    ".\differentiator.vl";
    ".\controller.v";
    ".\datapath.v";
    ".\modular_units.v";
